2026-04-19 14:27:46,301 - Optimizer| name:adam, lr:0.001, weight_decay:0
2026-04-19 14:27:46,302 - Train| epoch:3000, batch_size:4096, save_model:False, loss:pairwise, test_step:3, reproducible:True, seed:2025, patience:20
2026-04-19 14:27:46,302 - Test| metrics:['recall', 'ndcg'], k:[5, 10, 20], batch_size:1024
2026-04-19 14:27:46,302 - Data| type:general_cf, name:amazon, user_num:11000, item_num:9332
2026-04-19 14:27:46,302 - Model| name:lightgcn_promax, type:discriminative, keep_rate:1.0, embedding_size:32, amazon:{'layer_num': 3, 'reg_weight': 1e-06, 'sdr_weight': 1.5, 's2dr_weight': 0.05}, yelp:{'layer_num': 3, 'reg_weight': 1e-06, 'sdr_weight': 0.5, 's2dr_weight': 0.1}, steam:{'layer_num': 2, 'reg_weight': 1e-06, 'sdr_weight': 0.5, 's2dr_weight': 0.1}
2026-04-19 14:27:46,302 - -----------------------------------------------------------------------------------------------------
2026-04-19 14:27:49,568 - Epoch   0 Validation set [recall@5: 0.0439 recall@10: 0.0673 recall@20: 0.0972 ] [ndcg@5: 0.0443 ndcg@10: 0.0520 ndcg@20: 0.0617 ] 
2026-04-19 14:27:54,105 - Epoch   3 Validation set [recall@5: 0.0570 recall@10: 0.0850 recall@20: 0.1217 ] [ndcg@5: 0.0572 ndcg@10: 0.0661 ndcg@20: 0.0781 ] 
2026-04-19 14:27:58,356 - Epoch   6 Validation set [recall@5: 0.0586 recall@10: 0.0887 recall@20: 0.1265 ] [ndcg@5: 0.0577 ndcg@10: 0.0677 ndcg@20: 0.0799 ] 
2026-04-19 14:28:03,895 - Epoch   9 Validation set [recall@5: 0.0569 recall@10: 0.0863 recall@20: 0.1251 ] [ndcg@5: 0.0558 ndcg@10: 0.0657 ndcg@20: 0.0782 ] 
2026-04-19 14:28:08,242 - Epoch  12 Validation set [recall@5: 0.0529 recall@10: 0.0807 recall@20: 0.1175 ] [ndcg@5: 0.0512 ndcg@10: 0.0608 ndcg@20: 0.0728 ] 
2026-04-19 14:28:13,303 - Epoch  15 Validation set [recall@5: 0.0463 recall@10: 0.0724 recall@20: 0.1078 ] [ndcg@5: 0.0444 ndcg@10: 0.0539 ndcg@20: 0.0654 ] 
2026-04-19 14:28:18,372 - Epoch  18 Validation set [recall@5: 0.0378 recall@10: 0.0613 recall@20: 0.0939 ] [ndcg@5: 0.0353 ndcg@10: 0.0439 ndcg@20: 0.0548 ] 
2026-04-19 14:28:22,848 - Epoch  21 Validation set [recall@5: 0.0286 recall@10: 0.0481 recall@20: 0.0774 ] [ndcg@5: 0.0265 ndcg@10: 0.0339 ndcg@20: 0.0437 ] 
2026-04-19 14:28:28,956 - Epoch  24 Validation set [recall@5: 0.0236 recall@10: 0.0397 recall@20: 0.0666 ] [ndcg@5: 0.0225 ndcg@10: 0.0284 ndcg@20: 0.0372 ] 
2026-04-19 14:28:34,060 - Epoch  27 Validation set [recall@5: 0.0212 recall@10: 0.0369 recall@20: 0.0629 ] [ndcg@5: 0.0205 ndcg@10: 0.0263 ndcg@20: 0.0348 ] 
2026-04-19 14:28:38,169 - Epoch  30 Validation set [recall@5: 0.0213 recall@10: 0.0348 recall@20: 0.0615 ] [ndcg@5: 0.0200 ndcg@10: 0.0249 ndcg@20: 0.0337 ] 
2026-04-19 14:28:42,477 - Epoch  33 Validation set [recall@5: 0.0208 recall@10: 0.0350 recall@20: 0.0614 ] [ndcg@5: 0.0199 ndcg@10: 0.0251 ndcg@20: 0.0339 ] 
2026-04-19 14:28:46,794 - Epoch  36 Validation set [recall@5: 0.0212 recall@10: 0.0353 recall@20: 0.0616 ] [ndcg@5: 0.0201 ndcg@10: 0.0254 ndcg@20: 0.0340 ] 
2026-04-19 14:28:51,275 - Epoch  39 Validation set [recall@5: 0.0213 recall@10: 0.0363 recall@20: 0.0626 ] [ndcg@5: 0.0202 ndcg@10: 0.0259 ndcg@20: 0.0346 ] 
2026-04-19 14:28:55,460 - Epoch  42 Validation set [recall@5: 0.0227 recall@10: 0.0386 recall@20: 0.0656 ] [ndcg@5: 0.0218 ndcg@10: 0.0279 ndcg@20: 0.0367 ] 
2026-04-19 14:28:59,989 - Epoch  45 Validation set [recall@5: 0.0257 recall@10: 0.0424 recall@20: 0.0714 ] [ndcg@5: 0.0253 ndcg@10: 0.0315 ndcg@20: 0.0410 ] 
2026-04-19 14:29:04,211 - Epoch  48 Validation set [recall@5: 0.0314 recall@10: 0.0510 recall@20: 0.0830 ] [ndcg@5: 0.0321 ndcg@10: 0.0390 ndcg@20: 0.0493 ] 
2026-04-19 14:29:08,784 - Epoch  51 Validation set [recall@5: 0.0397 recall@10: 0.0622 recall@20: 0.0991 ] [ndcg@5: 0.0406 ndcg@10: 0.0481 ndcg@20: 0.0600 ] 
2026-04-19 14:29:13,468 - Epoch  54 Validation set [recall@5: 0.0482 recall@10: 0.0759 recall@20: 0.1183 ] [ndcg@5: 0.0502 ndcg@10: 0.0592 ndcg@20: 0.0728 ] 
2026-04-19 14:29:17,977 - Epoch  57 Validation set [recall@5: 0.0561 recall@10: 0.0857 recall@20: 0.1337 ] [ndcg@5: 0.0576 ndcg@10: 0.0672 ndcg@20: 0.0827 ] 
2026-04-19 14:29:22,340 - Epoch  60 Validation set [recall@5: 0.0602 recall@10: 0.0932 recall@20: 0.1424 ] [ndcg@5: 0.0614 ndcg@10: 0.0724 ndcg@20: 0.0882 ] 
2026-04-19 14:29:26,689 - Epoch  63 Validation set [recall@5: 0.0628 recall@10: 0.0978 recall@20: 0.1482 ] [ndcg@5: 0.0632 ndcg@10: 0.0751 ndcg@20: 0.0914 ] 
2026-04-19 14:29:30,986 - Epoch  66 Validation set [recall@5: 0.0648 recall@10: 0.1006 recall@20: 0.1539 ] [ndcg@5: 0.0647 ndcg@10: 0.0768 ndcg@20: 0.0940 ] 
2026-04-19 14:29:35,346 - Epoch  69 Validation set [recall@5: 0.0659 recall@10: 0.1026 recall@20: 0.1564 ] [ndcg@5: 0.0658 ndcg@10: 0.0784 ndcg@20: 0.0958 ] 
2026-04-19 14:29:39,631 - Epoch  72 Validation set [recall@5: 0.0669 recall@10: 0.1046 recall@20: 0.1583 ] [ndcg@5: 0.0669 ndcg@10: 0.0799 ndcg@20: 0.0972 ] 
2026-04-19 14:29:43,927 - Epoch  75 Validation set [recall@5: 0.0680 recall@10: 0.1062 recall@20: 0.1609 ] [ndcg@5: 0.0679 ndcg@10: 0.0811 ndcg@20: 0.0987 ] 
2026-04-19 14:29:48,379 - Epoch  78 Validation set [recall@5: 0.0687 recall@10: 0.1079 recall@20: 0.1617 ] [ndcg@5: 0.0689 ndcg@10: 0.0824 ndcg@20: 0.0999 ] 
2026-04-19 14:29:52,740 - Epoch  81 Validation set [recall@5: 0.0694 recall@10: 0.1086 recall@20: 0.1626 ] [ndcg@5: 0.0696 ndcg@10: 0.0830 ndcg@20: 0.1006 ] 
2026-04-19 14:29:57,212 - Epoch  84 Validation set [recall@5: 0.0697 recall@10: 0.1098 recall@20: 0.1638 ] [ndcg@5: 0.0699 ndcg@10: 0.0835 ndcg@20: 0.1010 ] 
2026-04-19 14:30:01,749 - Epoch  87 Validation set [recall@5: 0.0706 recall@10: 0.1105 recall@20: 0.1644 ] [ndcg@5: 0.0706 ndcg@10: 0.0841 ndcg@20: 0.1016 ] 
2026-04-19 14:30:06,023 - Epoch  90 Validation set [recall@5: 0.0712 recall@10: 0.1108 recall@20: 0.1653 ] [ndcg@5: 0.0711 ndcg@10: 0.0845 ndcg@20: 0.1022 ] 
2026-04-19 14:30:10,305 - Epoch  93 Validation set [recall@5: 0.0720 recall@10: 0.1112 recall@20: 0.1651 ] [ndcg@5: 0.0714 ndcg@10: 0.0847 ndcg@20: 0.1022 ] 
2026-04-19 14:30:14,639 - Epoch  96 Validation set [recall@5: 0.0727 recall@10: 0.1117 recall@20: 0.1651 ] [ndcg@5: 0.0719 ndcg@10: 0.0851 ndcg@20: 0.1024 ] 
2026-04-19 14:30:18,744 - Epoch  99 Validation set [recall@5: 0.0728 recall@10: 0.1118 recall@20: 0.1651 ] [ndcg@5: 0.0719 ndcg@10: 0.0851 ndcg@20: 0.1024 ] 
2026-04-19 14:30:22,933 - Epoch 102 Validation set [recall@5: 0.0732 recall@10: 0.1118 recall@20: 0.1652 ] [ndcg@5: 0.0722 ndcg@10: 0.0852 ndcg@20: 0.1026 ] 
2026-04-19 14:30:27,301 - Epoch 105 Validation set [recall@5: 0.0732 recall@10: 0.1114 recall@20: 0.1654 ] [ndcg@5: 0.0720 ndcg@10: 0.0849 ndcg@20: 0.1025 ] 
2026-04-19 14:30:31,662 - Epoch 108 Validation set [recall@5: 0.0738 recall@10: 0.1120 recall@20: 0.1657 ] [ndcg@5: 0.0726 ndcg@10: 0.0853 ndcg@20: 0.1028 ] 
2026-04-19 14:30:36,538 - Epoch 111 Validation set [recall@5: 0.0733 recall@10: 0.1122 recall@20: 0.1656 ] [ndcg@5: 0.0724 ndcg@10: 0.0854 ndcg@20: 0.1028 ] 
2026-04-19 14:30:41,749 - Epoch 114 Validation set [recall@5: 0.0734 recall@10: 0.1124 recall@20: 0.1648 ] [ndcg@5: 0.0725 ndcg@10: 0.0857 ndcg@20: 0.1027 ] 
2026-04-19 14:30:45,861 - Epoch 117 Validation set [recall@5: 0.0732 recall@10: 0.1123 recall@20: 0.1648 ] [ndcg@5: 0.0725 ndcg@10: 0.0856 ndcg@20: 0.1026 ] 
2026-04-19 14:30:50,086 - Epoch 120 Validation set [recall@5: 0.0734 recall@10: 0.1121 recall@20: 0.1655 ] [ndcg@5: 0.0728 ndcg@10: 0.0857 ndcg@20: 0.1030 ] 
2026-04-19 14:30:54,347 - Epoch 123 Validation set [recall@5: 0.0735 recall@10: 0.1120 recall@20: 0.1654 ] [ndcg@5: 0.0725 ndcg@10: 0.0854 ndcg@20: 0.1027 ] 
2026-04-19 14:30:58,571 - Epoch 126 Validation set [recall@5: 0.0734 recall@10: 0.1120 recall@20: 0.1649 ] [ndcg@5: 0.0725 ndcg@10: 0.0854 ndcg@20: 0.1026 ] 
2026-04-19 14:31:02,932 - Epoch 129 Validation set [recall@5: 0.0727 recall@10: 0.1113 recall@20: 0.1652 ] [ndcg@5: 0.0722 ndcg@10: 0.0850 ndcg@20: 0.1025 ] 
2026-04-19 14:31:07,119 - Epoch 132 Validation set [recall@5: 0.0723 recall@10: 0.1107 recall@20: 0.1647 ] [ndcg@5: 0.0721 ndcg@10: 0.0849 ndcg@20: 0.1024 ] 
2026-04-19 14:31:11,374 - Epoch 135 Validation set [recall@5: 0.0720 recall@10: 0.1108 recall@20: 0.1651 ] [ndcg@5: 0.0719 ndcg@10: 0.0848 ndcg@20: 0.1024 ] 
2026-04-19 14:31:15,559 - Epoch 138 Validation set [recall@5: 0.0723 recall@10: 0.1110 recall@20: 0.1648 ] [ndcg@5: 0.0719 ndcg@10: 0.0848 ndcg@20: 0.1022 ] 
2026-04-19 14:31:19,803 - Epoch 141 Validation set [recall@5: 0.0725 recall@10: 0.1109 recall@20: 0.1649 ] [ndcg@5: 0.0719 ndcg@10: 0.0846 ndcg@20: 0.1021 ] 
2026-04-19 14:31:24,162 - Epoch 144 Validation set [recall@5: 0.0726 recall@10: 0.1109 recall@20: 0.1647 ] [ndcg@5: 0.0720 ndcg@10: 0.0845 ndcg@20: 0.1019 ] 
2026-04-19 14:31:28,479 - Epoch 147 Validation set [recall@5: 0.0720 recall@10: 0.1110 recall@20: 0.1645 ] [ndcg@5: 0.0717 ndcg@10: 0.0845 ndcg@20: 0.1019 ] 
2026-04-19 14:31:32,913 - Epoch 150 Validation set [recall@5: 0.0724 recall@10: 0.1106 recall@20: 0.1640 ] [ndcg@5: 0.0717 ndcg@10: 0.0843 ndcg@20: 0.1016 ] 
2026-04-19 14:31:38,374 - Epoch 153 Validation set [recall@5: 0.0723 recall@10: 0.1108 recall@20: 0.1641 ] [ndcg@5: 0.0716 ndcg@10: 0.0844 ndcg@20: 0.1016 ] 
2026-04-19 14:31:42,653 - Epoch 156 Validation set [recall@5: 0.0724 recall@10: 0.1107 recall@20: 0.1646 ] [ndcg@5: 0.0717 ndcg@10: 0.0844 ndcg@20: 0.1018 ] 
2026-04-19 14:31:46,972 - Epoch 159 Validation set [recall@5: 0.0719 recall@10: 0.1107 recall@20: 0.1631 ] [ndcg@5: 0.0716 ndcg@10: 0.0845 ndcg@20: 0.1014 ] 
2026-04-19 14:31:51,166 - Epoch 162 Validation set [recall@5: 0.0726 recall@10: 0.1103 recall@20: 0.1637 ] [ndcg@5: 0.0717 ndcg@10: 0.0842 ndcg@20: 0.1015 ] 
2026-04-19 14:31:55,163 - Epoch 165 Validation set [recall@5: 0.0722 recall@10: 0.1103 recall@20: 0.1634 ] [ndcg@5: 0.0715 ndcg@10: 0.0843 ndcg@20: 0.1014 ] 
2026-04-19 14:31:59,434 - Epoch 168 Validation set [recall@5: 0.0724 recall@10: 0.1108 recall@20: 0.1638 ] [ndcg@5: 0.0716 ndcg@10: 0.0844 ndcg@20: 0.1015 ] 
2026-04-19 14:32:02,666 - [recall@5: 0.0738 recall@10: 0.1120 recall@20: 0.1657 ] [ndcg@5: 0.0726 ndcg@10: 0.0853 ndcg@20: 0.1028 ] 
2026-04-19 14:32:02,666 - Test--------------------------------------------------------------------------
2026-04-19 14:32:06,093 - [recall@5: 0.0696 recall@10: 0.1071 recall@20: 0.1623 ] [ndcg@5: 0.0704 ndcg@10: 0.0832 ndcg@20: 0.1012 ] 
2026-04-19 14:32:06,093 - Best Epoch 108. Final test result: {'recall': array([0.06958011, 0.10714893, 0.16234309]), 'ndcg': array([0.07036079, 0.08324429, 0.10117354])}.
