2026-04-19 15:45:14,469 - Optimizer| name:adam, lr:0.001, weight_decay:0
2026-04-19 15:45:14,469 - Train| epoch:3000, batch_size:4096, save_model:False, loss:pairwise, test_step:3, reproducible:True, seed:2025, patience:20
2026-04-19 15:45:14,469 - Test| metrics:['recall', 'ndcg'], k:[5, 10, 20], batch_size:1024
2026-04-19 15:45:14,469 - Data| type:general_cf, name:steam, user_num:23310, item_num:5237
2026-04-19 15:45:14,469 - Model| name:lightgcn_promax, type:discriminative, keep_rate:1.0, embedding_size:32, amazon:{'layer_num': 3, 'reg_weight': 1e-06, 'sdr_weight': 1.5, 's2dr_weight': 0.05}, yelp:{'layer_num': 3, 'reg_weight': 1e-06, 'sdr_weight': 0.5, 's2dr_weight': 0.1}, steam:{'layer_num': 3, 'reg_weight': 1e-06, 'sdr_weight': 0.5, 's2dr_weight': 0.1}
2026-04-19 15:45:14,469 - -----------------------------------------------------------------------------------------------------
2026-04-19 15:45:19,922 - Epoch   0 Validation set [recall@5: 0.0337 recall@10: 0.0564 recall@20: 0.0910 ] [ndcg@5: 0.0380 ndcg@10: 0.0455 ndcg@20: 0.0572 ] 
2026-04-19 15:45:30,549 - Epoch   3 Validation set [recall@5: 0.0473 recall@10: 0.0760 recall@20: 0.1182 ] [ndcg@5: 0.0515 ndcg@10: 0.0609 ndcg@20: 0.0752 ] 
2026-04-19 15:45:41,015 - Epoch   6 Validation set [recall@5: 0.0502 recall@10: 0.0797 recall@20: 0.1256 ] [ndcg@5: 0.0546 ndcg@10: 0.0642 ndcg@20: 0.0798 ] 
2026-04-19 15:45:51,255 - Epoch   9 Validation set [recall@5: 0.0511 recall@10: 0.0824 recall@20: 0.1280 ] [ndcg@5: 0.0556 ndcg@10: 0.0660 ndcg@20: 0.0816 ] 
2026-04-19 15:46:01,332 - Epoch  12 Validation set [recall@5: 0.0518 recall@10: 0.0845 recall@20: 0.1296 ] [ndcg@5: 0.0563 ndcg@10: 0.0671 ndcg@20: 0.0826 ] 
2026-04-19 15:46:11,466 - Epoch  15 Validation set [recall@5: 0.0524 recall@10: 0.0848 recall@20: 0.1304 ] [ndcg@5: 0.0568 ndcg@10: 0.0676 ndcg@20: 0.0832 ] 
2026-04-19 15:46:21,605 - Epoch  18 Validation set [recall@5: 0.0530 recall@10: 0.0849 recall@20: 0.1309 ] [ndcg@5: 0.0572 ndcg@10: 0.0678 ndcg@20: 0.0835 ] 
2026-04-19 15:46:31,611 - Epoch  21 Validation set [recall@5: 0.0532 recall@10: 0.0856 recall@20: 0.1313 ] [ndcg@5: 0.0575 ndcg@10: 0.0683 ndcg@20: 0.0839 ] 
2026-04-19 15:46:41,550 - Epoch  24 Validation set [recall@5: 0.0530 recall@10: 0.0852 recall@20: 0.1324 ] [ndcg@5: 0.0576 ndcg@10: 0.0682 ndcg@20: 0.0843 ] 
2026-04-19 15:46:51,435 - Epoch  27 Validation set [recall@5: 0.0534 recall@10: 0.0857 recall@20: 0.1327 ] [ndcg@5: 0.0578 ndcg@10: 0.0684 ndcg@20: 0.0844 ] 
2026-04-19 15:47:01,541 - Epoch  30 Validation set [recall@5: 0.0536 recall@10: 0.0853 recall@20: 0.1327 ] [ndcg@5: 0.0582 ndcg@10: 0.0686 ndcg@20: 0.0847 ] 
2026-04-19 15:47:11,822 - Epoch  33 Validation set [recall@5: 0.0537 recall@10: 0.0856 recall@20: 0.1328 ] [ndcg@5: 0.0585 ndcg@10: 0.0690 ndcg@20: 0.0851 ] 
2026-04-19 15:47:22,314 - Epoch  36 Validation set [recall@5: 0.0541 recall@10: 0.0861 recall@20: 0.1338 ] [ndcg@5: 0.0589 ndcg@10: 0.0693 ndcg@20: 0.0856 ] 
2026-04-19 15:47:32,784 - Epoch  39 Validation set [recall@5: 0.0541 recall@10: 0.0863 recall@20: 0.1340 ] [ndcg@5: 0.0590 ndcg@10: 0.0696 ndcg@20: 0.0858 ] 
2026-04-19 15:47:42,971 - Epoch  42 Validation set [recall@5: 0.0544 recall@10: 0.0867 recall@20: 0.1353 ] [ndcg@5: 0.0597 ndcg@10: 0.0701 ndcg@20: 0.0866 ] 
2026-04-19 15:47:52,851 - Epoch  45 Validation set [recall@5: 0.0548 recall@10: 0.0870 recall@20: 0.1359 ] [ndcg@5: 0.0600 ndcg@10: 0.0704 ndcg@20: 0.0870 ] 
2026-04-19 15:48:03,429 - Epoch  48 Validation set [recall@5: 0.0550 recall@10: 0.0875 recall@20: 0.1367 ] [ndcg@5: 0.0604 ndcg@10: 0.0709 ndcg@20: 0.0876 ] 
2026-04-19 15:48:13,656 - Epoch  51 Validation set [recall@5: 0.0554 recall@10: 0.0883 recall@20: 0.1374 ] [ndcg@5: 0.0608 ndcg@10: 0.0714 ndcg@20: 0.0881 ] 
2026-04-19 15:48:23,936 - Epoch  54 Validation set [recall@5: 0.0561 recall@10: 0.0894 recall@20: 0.1387 ] [ndcg@5: 0.0618 ndcg@10: 0.0723 ndcg@20: 0.0892 ] 
2026-04-19 15:48:34,189 - Epoch  57 Validation set [recall@5: 0.0562 recall@10: 0.0908 recall@20: 0.1406 ] [ndcg@5: 0.0626 ndcg@10: 0.0737 ndcg@20: 0.0906 ] 
2026-04-19 15:48:44,183 - Epoch  60 Validation set [recall@5: 0.0566 recall@10: 0.0922 recall@20: 0.1424 ] [ndcg@5: 0.0635 ndcg@10: 0.0748 ndcg@20: 0.0917 ] 
2026-04-19 15:48:54,477 - Epoch  63 Validation set [recall@5: 0.0569 recall@10: 0.0908 recall@20: 0.1430 ] [ndcg@5: 0.0640 ndcg@10: 0.0747 ndcg@20: 0.0921 ] 
2026-04-19 15:49:04,718 - Epoch  66 Validation set [recall@5: 0.0571 recall@10: 0.0923 recall@20: 0.1445 ] [ndcg@5: 0.0642 ndcg@10: 0.0755 ndcg@20: 0.0930 ] 
2026-04-19 15:49:14,822 - Epoch  69 Validation set [recall@5: 0.0585 recall@10: 0.0945 recall@20: 0.1466 ] [ndcg@5: 0.0654 ndcg@10: 0.0770 ndcg@20: 0.0945 ] 
2026-04-19 15:49:25,074 - Epoch  72 Validation set [recall@5: 0.0593 recall@10: 0.0967 recall@20: 0.1492 ] [ndcg@5: 0.0661 ndcg@10: 0.0783 ndcg@20: 0.0959 ] 
2026-04-19 15:49:35,309 - Epoch  75 Validation set [recall@5: 0.0599 recall@10: 0.0974 recall@20: 0.1507 ] [ndcg@5: 0.0667 ndcg@10: 0.0788 ndcg@20: 0.0968 ] 
2026-04-19 15:49:45,280 - Epoch  78 Validation set [recall@5: 0.0597 recall@10: 0.0973 recall@20: 0.1516 ] [ndcg@5: 0.0667 ndcg@10: 0.0790 ndcg@20: 0.0973 ] 
2026-04-19 15:49:55,786 - Epoch  81 Validation set [recall@5: 0.0606 recall@10: 0.0983 recall@20: 0.1524 ] [ndcg@5: 0.0674 ndcg@10: 0.0796 ndcg@20: 0.0978 ] 
2026-04-19 15:50:05,868 - Epoch  84 Validation set [recall@5: 0.0608 recall@10: 0.0987 recall@20: 0.1523 ] [ndcg@5: 0.0673 ndcg@10: 0.0797 ndcg@20: 0.0978 ] 
2026-04-19 15:50:16,171 - Epoch  87 Validation set [recall@5: 0.0611 recall@10: 0.0988 recall@20: 0.1526 ] [ndcg@5: 0.0673 ndcg@10: 0.0796 ndcg@20: 0.0978 ] 
2026-04-19 15:50:26,495 - Epoch  90 Validation set [recall@5: 0.0614 recall@10: 0.0991 recall@20: 0.1526 ] [ndcg@5: 0.0675 ndcg@10: 0.0798 ndcg@20: 0.0979 ] 
2026-04-19 15:50:36,520 - Epoch  93 Validation set [recall@5: 0.0613 recall@10: 0.0990 recall@20: 0.1524 ] [ndcg@5: 0.0674 ndcg@10: 0.0798 ndcg@20: 0.0979 ] 
2026-04-19 15:50:46,754 - Epoch  96 Validation set [recall@5: 0.0616 recall@10: 0.0985 recall@20: 0.1527 ] [ndcg@5: 0.0677 ndcg@10: 0.0797 ndcg@20: 0.0980 ] 
2026-04-19 15:50:56,905 - Epoch  99 Validation set [recall@5: 0.0614 recall@10: 0.0985 recall@20: 0.1524 ] [ndcg@5: 0.0676 ndcg@10: 0.0797 ndcg@20: 0.0979 ] 
2026-04-19 15:51:07,327 - Epoch 102 Validation set [recall@5: 0.0614 recall@10: 0.0986 recall@20: 0.1522 ] [ndcg@5: 0.0676 ndcg@10: 0.0798 ndcg@20: 0.0979 ] 
2026-04-19 15:51:17,663 - Epoch 105 Validation set [recall@5: 0.0613 recall@10: 0.0988 recall@20: 0.1521 ] [ndcg@5: 0.0675 ndcg@10: 0.0797 ndcg@20: 0.0978 ] 
2026-04-19 15:51:27,889 - Epoch 108 Validation set [recall@5: 0.0613 recall@10: 0.0985 recall@20: 0.1519 ] [ndcg@5: 0.0675 ndcg@10: 0.0795 ndcg@20: 0.0977 ] 
2026-04-19 15:51:37,854 - Epoch 111 Validation set [recall@5: 0.0615 recall@10: 0.0984 recall@20: 0.1522 ] [ndcg@5: 0.0676 ndcg@10: 0.0796 ndcg@20: 0.0977 ] 
2026-04-19 15:51:48,260 - Epoch 114 Validation set [recall@5: 0.0613 recall@10: 0.0985 recall@20: 0.1524 ] [ndcg@5: 0.0675 ndcg@10: 0.0796 ndcg@20: 0.0978 ] 
2026-04-19 15:51:58,576 - Epoch 117 Validation set [recall@5: 0.0616 recall@10: 0.0986 recall@20: 0.1524 ] [ndcg@5: 0.0677 ndcg@10: 0.0797 ndcg@20: 0.0979 ] 
2026-04-19 15:52:08,616 - Epoch 120 Validation set [recall@5: 0.0613 recall@10: 0.0979 recall@20: 0.1521 ] [ndcg@5: 0.0674 ndcg@10: 0.0793 ndcg@20: 0.0975 ] 
2026-04-19 15:52:18,571 - Epoch 123 Validation set [recall@5: 0.0616 recall@10: 0.0982 recall@20: 0.1524 ] [ndcg@5: 0.0675 ndcg@10: 0.0794 ndcg@20: 0.0976 ] 
2026-04-19 15:52:28,555 - Epoch 126 Validation set [recall@5: 0.0610 recall@10: 0.0978 recall@20: 0.1521 ] [ndcg@5: 0.0673 ndcg@10: 0.0792 ndcg@20: 0.0975 ] 
2026-04-19 15:52:38,906 - Epoch 129 Validation set [recall@5: 0.0613 recall@10: 0.0980 recall@20: 0.1521 ] [ndcg@5: 0.0674 ndcg@10: 0.0792 ndcg@20: 0.0975 ] 
2026-04-19 15:52:49,025 - Epoch 132 Validation set [recall@5: 0.0610 recall@10: 0.0979 recall@20: 0.1519 ] [ndcg@5: 0.0673 ndcg@10: 0.0791 ndcg@20: 0.0974 ] 
2026-04-19 15:52:59,258 - Epoch 135 Validation set [recall@5: 0.0610 recall@10: 0.0978 recall@20: 0.1518 ] [ndcg@5: 0.0673 ndcg@10: 0.0793 ndcg@20: 0.0975 ] 
2026-04-19 15:53:09,475 - Epoch 138 Validation set [recall@5: 0.0608 recall@10: 0.0978 recall@20: 0.1519 ] [ndcg@5: 0.0669 ndcg@10: 0.0791 ndcg@20: 0.0973 ] 
2026-04-19 15:53:19,588 - Epoch 141 Validation set [recall@5: 0.0608 recall@10: 0.0973 recall@20: 0.1522 ] [ndcg@5: 0.0670 ndcg@10: 0.0789 ndcg@20: 0.0974 ] 
2026-04-19 15:53:29,597 - Epoch 144 Validation set [recall@5: 0.0609 recall@10: 0.0976 recall@20: 0.1517 ] [ndcg@5: 0.0670 ndcg@10: 0.0790 ndcg@20: 0.0973 ] 
2026-04-19 15:53:39,623 - Epoch 147 Validation set [recall@5: 0.0612 recall@10: 0.0977 recall@20: 0.1518 ] [ndcg@5: 0.0674 ndcg@10: 0.0792 ndcg@20: 0.0975 ] 
2026-04-19 15:53:49,737 - Epoch 150 Validation set [recall@5: 0.0608 recall@10: 0.0978 recall@20: 0.1517 ] [ndcg@5: 0.0670 ndcg@10: 0.0791 ndcg@20: 0.0973 ] 
2026-04-19 15:53:59,842 - Epoch 153 Validation set [recall@5: 0.0608 recall@10: 0.0977 recall@20: 0.1516 ] [ndcg@5: 0.0668 ndcg@10: 0.0790 ndcg@20: 0.0972 ] 
2026-04-19 15:54:10,003 - Epoch 156 Validation set [recall@5: 0.0607 recall@10: 0.0976 recall@20: 0.1515 ] [ndcg@5: 0.0669 ndcg@10: 0.0789 ndcg@20: 0.0971 ] 
2026-04-19 15:54:12,804 - [recall@5: 0.0616 recall@10: 0.0985 recall@20: 0.1527 ] [ndcg@5: 0.0677 ndcg@10: 0.0797 ndcg@20: 0.0980 ] 
2026-04-19 15:54:12,804 - Test--------------------------------------------------------------------------
2026-04-19 15:54:15,755 - [recall@5: 0.0605 recall@10: 0.0969 recall@20: 0.1511 ] [ndcg@5: 0.0663 ndcg@10: 0.0784 ndcg@20: 0.0969 ] 
2026-04-19 15:54:15,756 - Best Epoch 96. Final test result: {'recall': array([0.06050878, 0.09693884, 0.15108661]), 'ndcg': array([0.06632615, 0.07840908, 0.09685335])}.
