2026-04-19 14:33:15,450 - Optimizer| name:adam, lr:0.001, weight_decay:0
2026-04-19 14:33:15,450 - Train| epoch:3000, batch_size:4096, save_model:False, loss:pairwise, test_step:3, reproducible:True, seed:2025, patience:20
2026-04-19 14:33:15,450 - Test| metrics:['recall', 'ndcg'], k:[5, 10, 20], batch_size:1024
2026-04-19 14:33:15,450 - Data| type:general_cf, name:yelp, user_num:11091, item_num:11010
2026-04-19 14:33:15,450 - Model| name:lightgcn_promax, type:discriminative, keep_rate:1.0, embedding_size:32, amazon:{'layer_num': 3, 'reg_weight': 1e-06, 'sdr_weight': 1.5, 's2dr_weight': 0.05}, yelp:{'layer_num': 3, 'reg_weight': 1e-06, 'sdr_weight': 0.5, 's2dr_weight': 0.1}, steam:{'layer_num': 2, 'reg_weight': 1e-06, 'sdr_weight': 0.5, 's2dr_weight': 0.1}
2026-04-19 14:33:15,450 - -----------------------------------------------------------------------------------------------------
2026-04-19 14:33:19,248 - Epoch   0 Validation set [recall@5: 0.0338 recall@10: 0.0581 recall@20: 0.0933 ] [ndcg@5: 0.0417 ndcg@10: 0.0492 ndcg@20: 0.0609 ] 
2026-04-19 14:33:26,371 - Epoch   3 Validation set [recall@5: 0.0393 recall@10: 0.0656 recall@20: 0.1069 ] [ndcg@5: 0.0476 ndcg@10: 0.0555 ndcg@20: 0.0692 ] 
2026-04-19 14:33:32,311 - Epoch   6 Validation set [recall@5: 0.0406 recall@10: 0.0679 recall@20: 0.1095 ] [ndcg@5: 0.0485 ndcg@10: 0.0569 ndcg@20: 0.0708 ] 
2026-04-19 14:33:38,182 - Epoch   9 Validation set [recall@5: 0.0407 recall@10: 0.0689 recall@20: 0.1120 ] [ndcg@5: 0.0489 ndcg@10: 0.0576 ndcg@20: 0.0719 ] 
2026-04-19 14:33:44,209 - Epoch  12 Validation set [recall@5: 0.0399 recall@10: 0.0692 recall@20: 0.1110 ] [ndcg@5: 0.0486 ndcg@10: 0.0576 ndcg@20: 0.0715 ] 
2026-04-19 14:33:51,990 - Epoch  15 Validation set [recall@5: 0.0401 recall@10: 0.0696 recall@20: 0.1110 ] [ndcg@5: 0.0489 ndcg@10: 0.0579 ndcg@20: 0.0716 ] 
2026-04-19 14:33:58,210 - Epoch  18 Validation set [recall@5: 0.0407 recall@10: 0.0684 recall@20: 0.1103 ] [ndcg@5: 0.0486 ndcg@10: 0.0571 ndcg@20: 0.0710 ] 
2026-04-19 14:34:04,719 - Epoch  21 Validation set [recall@5: 0.0400 recall@10: 0.0670 recall@20: 0.1086 ] [ndcg@5: 0.0481 ndcg@10: 0.0564 ndcg@20: 0.0703 ] 
2026-04-19 14:34:10,815 - Epoch  24 Validation set [recall@5: 0.0387 recall@10: 0.0653 recall@20: 0.1067 ] [ndcg@5: 0.0468 ndcg@10: 0.0551 ndcg@20: 0.0689 ] 
2026-04-19 14:34:16,890 - Epoch  27 Validation set [recall@5: 0.0372 recall@10: 0.0617 recall@20: 0.1026 ] [ndcg@5: 0.0452 ndcg@10: 0.0525 ndcg@20: 0.0661 ] 
2026-04-19 14:34:22,717 - Epoch  30 Validation set [recall@5: 0.0344 recall@10: 0.0570 recall@20: 0.0946 ] [ndcg@5: 0.0414 ndcg@10: 0.0484 ndcg@20: 0.0609 ] 
2026-04-19 14:34:28,603 - Epoch  33 Validation set [recall@5: 0.0308 recall@10: 0.0524 recall@20: 0.0871 ] [ndcg@5: 0.0370 ndcg@10: 0.0438 ndcg@20: 0.0554 ] 
2026-04-19 14:34:35,683 - Epoch  36 Validation set [recall@5: 0.0286 recall@10: 0.0476 recall@20: 0.0806 ] [ndcg@5: 0.0344 ndcg@10: 0.0402 ndcg@20: 0.0512 ] 
2026-04-19 14:34:42,241 - Epoch  39 Validation set [recall@5: 0.0274 recall@10: 0.0462 recall@20: 0.0784 ] [ndcg@5: 0.0330 ndcg@10: 0.0389 ndcg@20: 0.0497 ] 
2026-04-19 14:34:47,967 - Epoch  42 Validation set [recall@5: 0.0275 recall@10: 0.0468 recall@20: 0.0783 ] [ndcg@5: 0.0333 ndcg@10: 0.0391 ndcg@20: 0.0497 ] 
2026-04-19 14:34:54,535 - Epoch  45 Validation set [recall@5: 0.0277 recall@10: 0.0477 recall@20: 0.0782 ] [ndcg@5: 0.0338 ndcg@10: 0.0398 ndcg@20: 0.0500 ] 
2026-04-19 14:35:00,715 - Epoch  48 Validation set [recall@5: 0.0283 recall@10: 0.0491 recall@20: 0.0811 ] [ndcg@5: 0.0343 ndcg@10: 0.0407 ndcg@20: 0.0514 ] 
2026-04-19 14:35:06,371 - Epoch  51 Validation set [recall@5: 0.0302 recall@10: 0.0513 recall@20: 0.0846 ] [ndcg@5: 0.0365 ndcg@10: 0.0428 ndcg@20: 0.0539 ] 
2026-04-19 14:35:12,376 - Epoch  54 Validation set [recall@5: 0.0329 recall@10: 0.0562 recall@20: 0.0916 ] [ndcg@5: 0.0399 ndcg@10: 0.0467 ndcg@20: 0.0586 ] 
2026-04-19 14:35:18,322 - Epoch  57 Validation set [recall@5: 0.0358 recall@10: 0.0602 recall@20: 0.0983 ] [ndcg@5: 0.0428 ndcg@10: 0.0498 ndcg@20: 0.0626 ] 
2026-04-19 14:35:24,209 - Epoch  60 Validation set [recall@5: 0.0377 recall@10: 0.0646 recall@20: 0.1042 ] [ndcg@5: 0.0455 ndcg@10: 0.0534 ndcg@20: 0.0667 ] 
2026-04-19 14:35:30,054 - Epoch  63 Validation set [recall@5: 0.0407 recall@10: 0.0684 recall@20: 0.1108 ] [ndcg@5: 0.0485 ndcg@10: 0.0567 ndcg@20: 0.0709 ] 
2026-04-19 14:35:36,091 - Epoch  66 Validation set [recall@5: 0.0426 recall@10: 0.0730 recall@20: 0.1184 ] [ndcg@5: 0.0509 ndcg@10: 0.0603 ndcg@20: 0.0754 ] 
2026-04-19 14:35:42,365 - Epoch  69 Validation set [recall@5: 0.0452 recall@10: 0.0765 recall@20: 0.1246 ] [ndcg@5: 0.0534 ndcg@10: 0.0629 ndcg@20: 0.0791 ] 
2026-04-19 14:35:48,446 - Epoch  72 Validation set [recall@5: 0.0463 recall@10: 0.0789 recall@20: 0.1284 ] [ndcg@5: 0.0547 ndcg@10: 0.0646 ndcg@20: 0.0812 ] 
2026-04-19 14:35:55,558 - Epoch  75 Validation set [recall@5: 0.0468 recall@10: 0.0801 recall@20: 0.1308 ] [ndcg@5: 0.0557 ndcg@10: 0.0657 ndcg@20: 0.0828 ] 
2026-04-19 14:36:02,341 - Epoch  78 Validation set [recall@5: 0.0475 recall@10: 0.0804 recall@20: 0.1319 ] [ndcg@5: 0.0564 ndcg@10: 0.0662 ndcg@20: 0.0836 ] 
2026-04-19 14:36:07,948 - Epoch  81 Validation set [recall@5: 0.0480 recall@10: 0.0806 recall@20: 0.1324 ] [ndcg@5: 0.0569 ndcg@10: 0.0666 ndcg@20: 0.0842 ] 
2026-04-19 14:36:13,720 - Epoch  84 Validation set [recall@5: 0.0483 recall@10: 0.0808 recall@20: 0.1326 ] [ndcg@5: 0.0572 ndcg@10: 0.0668 ndcg@20: 0.0845 ] 
2026-04-19 14:36:19,489 - Epoch  87 Validation set [recall@5: 0.0487 recall@10: 0.0812 recall@20: 0.1327 ] [ndcg@5: 0.0574 ndcg@10: 0.0670 ndcg@20: 0.0846 ] 
2026-04-19 14:36:25,318 - Epoch  90 Validation set [recall@5: 0.0490 recall@10: 0.0820 recall@20: 0.1332 ] [ndcg@5: 0.0578 ndcg@10: 0.0675 ndcg@20: 0.0850 ] 
2026-04-19 14:36:31,275 - Epoch  93 Validation set [recall@5: 0.0492 recall@10: 0.0824 recall@20: 0.1333 ] [ndcg@5: 0.0578 ndcg@10: 0.0677 ndcg@20: 0.0849 ] 
2026-04-19 14:36:38,651 - Epoch  96 Validation set [recall@5: 0.0489 recall@10: 0.0824 recall@20: 0.1328 ] [ndcg@5: 0.0576 ndcg@10: 0.0677 ndcg@20: 0.0849 ] 
2026-04-19 14:36:45,446 - Epoch  99 Validation set [recall@5: 0.0488 recall@10: 0.0827 recall@20: 0.1331 ] [ndcg@5: 0.0576 ndcg@10: 0.0679 ndcg@20: 0.0850 ] 
2026-04-19 14:36:51,456 - Epoch 102 Validation set [recall@5: 0.0488 recall@10: 0.0826 recall@20: 0.1332 ] [ndcg@5: 0.0577 ndcg@10: 0.0680 ndcg@20: 0.0852 ] 
2026-04-19 14:36:57,066 - Epoch 105 Validation set [recall@5: 0.0490 recall@10: 0.0822 recall@20: 0.1336 ] [ndcg@5: 0.0577 ndcg@10: 0.0678 ndcg@20: 0.0852 ] 
2026-04-19 14:37:02,828 - Epoch 108 Validation set [recall@5: 0.0488 recall@10: 0.0822 recall@20: 0.1326 ] [ndcg@5: 0.0576 ndcg@10: 0.0678 ndcg@20: 0.0849 ] 
2026-04-19 14:37:08,729 - Epoch 111 Validation set [recall@5: 0.0484 recall@10: 0.0816 recall@20: 0.1326 ] [ndcg@5: 0.0572 ndcg@10: 0.0675 ndcg@20: 0.0847 ] 
2026-04-19 14:37:14,568 - Epoch 114 Validation set [recall@5: 0.0481 recall@10: 0.0815 recall@20: 0.1324 ] [ndcg@5: 0.0569 ndcg@10: 0.0673 ndcg@20: 0.0845 ] 
2026-04-19 14:37:21,040 - Epoch 117 Validation set [recall@5: 0.0481 recall@10: 0.0817 recall@20: 0.1327 ] [ndcg@5: 0.0571 ndcg@10: 0.0674 ndcg@20: 0.0847 ] 
2026-04-19 14:37:27,239 - Epoch 120 Validation set [recall@5: 0.0481 recall@10: 0.0813 recall@20: 0.1322 ] [ndcg@5: 0.0570 ndcg@10: 0.0673 ndcg@20: 0.0845 ] 
2026-04-19 14:37:33,032 - Epoch 123 Validation set [recall@5: 0.0479 recall@10: 0.0810 recall@20: 0.1321 ] [ndcg@5: 0.0568 ndcg@10: 0.0670 ndcg@20: 0.0844 ] 
2026-04-19 14:37:39,132 - Epoch 126 Validation set [recall@5: 0.0480 recall@10: 0.0808 recall@20: 0.1326 ] [ndcg@5: 0.0569 ndcg@10: 0.0670 ndcg@20: 0.0846 ] 
2026-04-19 14:37:45,070 - Epoch 129 Validation set [recall@5: 0.0479 recall@10: 0.0807 recall@20: 0.1322 ] [ndcg@5: 0.0568 ndcg@10: 0.0670 ndcg@20: 0.0844 ] 
2026-04-19 14:37:50,895 - Epoch 132 Validation set [recall@5: 0.0479 recall@10: 0.0809 recall@20: 0.1318 ] [ndcg@5: 0.0569 ndcg@10: 0.0670 ndcg@20: 0.0843 ] 
2026-04-19 14:37:57,146 - Epoch 135 Validation set [recall@5: 0.0480 recall@10: 0.0810 recall@20: 0.1315 ] [ndcg@5: 0.0570 ndcg@10: 0.0670 ndcg@20: 0.0841 ] 
2026-04-19 14:38:04,756 - Epoch 138 Validation set [recall@5: 0.0484 recall@10: 0.0804 recall@20: 0.1315 ] [ndcg@5: 0.0572 ndcg@10: 0.0669 ndcg@20: 0.0841 ] 
2026-04-19 14:38:11,053 - Epoch 141 Validation set [recall@5: 0.0483 recall@10: 0.0805 recall@20: 0.1310 ] [ndcg@5: 0.0569 ndcg@10: 0.0667 ndcg@20: 0.0838 ] 
2026-04-19 14:38:17,401 - Epoch 144 Validation set [recall@5: 0.0484 recall@10: 0.0806 recall@20: 0.1306 ] [ndcg@5: 0.0569 ndcg@10: 0.0667 ndcg@20: 0.0837 ] 
2026-04-19 14:38:23,256 - Epoch 147 Validation set [recall@5: 0.0484 recall@10: 0.0806 recall@20: 0.1306 ] [ndcg@5: 0.0569 ndcg@10: 0.0667 ndcg@20: 0.0836 ] 
2026-04-19 14:38:29,277 - Epoch 150 Validation set [recall@5: 0.0480 recall@10: 0.0803 recall@20: 0.1306 ] [ndcg@5: 0.0567 ndcg@10: 0.0665 ndcg@20: 0.0835 ] 
2026-04-19 14:38:35,262 - Epoch 153 Validation set [recall@5: 0.0479 recall@10: 0.0802 recall@20: 0.1307 ] [ndcg@5: 0.0566 ndcg@10: 0.0665 ndcg@20: 0.0836 ] 
2026-04-19 14:38:41,206 - Epoch 156 Validation set [recall@5: 0.0478 recall@10: 0.0805 recall@20: 0.1300 ] [ndcg@5: 0.0565 ndcg@10: 0.0666 ndcg@20: 0.0833 ] 
2026-04-19 14:38:46,971 - Epoch 159 Validation set [recall@5: 0.0478 recall@10: 0.0801 recall@20: 0.1296 ] [ndcg@5: 0.0565 ndcg@10: 0.0664 ndcg@20: 0.0832 ] 
2026-04-19 14:38:52,876 - Epoch 162 Validation set [recall@5: 0.0479 recall@10: 0.0798 recall@20: 0.1297 ] [ndcg@5: 0.0566 ndcg@10: 0.0663 ndcg@20: 0.0831 ] 
2026-04-19 14:38:59,490 - Epoch 165 Validation set [recall@5: 0.0477 recall@10: 0.0800 recall@20: 0.1295 ] [ndcg@5: 0.0564 ndcg@10: 0.0663 ndcg@20: 0.0831 ] 
2026-04-19 14:39:02,859 - [recall@5: 0.0490 recall@10: 0.0822 recall@20: 0.1336 ] [ndcg@5: 0.0577 ndcg@10: 0.0678 ndcg@20: 0.0852 ] 
2026-04-19 14:39:02,859 - Test--------------------------------------------------------------------------
2026-04-19 14:39:06,591 - [recall@5: 0.0493 recall@10: 0.0814 recall@20: 0.1331 ] [ndcg@5: 0.0583 ndcg@10: 0.0679 ndcg@20: 0.0856 ] 
2026-04-19 14:39:06,591 - Best Epoch 105. Final test result: {'recall': array([0.04926464, 0.0813582 , 0.13308587]), 'ndcg': array([0.05832874, 0.06794061, 0.08558146])}.
