2026-04-08 14:47:29,682 - Optimizer| name:adam, lr:0.001, weight_decay:0
2026-04-08 14:47:29,682 - Train| epoch:3000, batch_size:4096, save_model:False, loss:pairwise, test_step:3, reproducible:True, seed:2025, patience:20
2026-04-08 14:47:29,682 - Test| metrics:['recall', 'ndcg'], k:[10, 20], batch_size:1024
2026-04-08 14:47:29,682 - Data| type:general_cf, name:amazon, user_num:11000, item_num:9332
2026-04-08 14:47:29,682 - Model| name:lightgcn_proex, type:discriminative, keep_rate:1.0, profiles:4, embedding_size:32, amazon:{'layer_num': 3, 'reg_weight': 1e-06, 'num_envs': 3, 'inv_weight': 10, 'ex_weight': 0.4, 'alpha': 0.1}, yelp:{'layer_num': 3, 'reg_weight': 1e-06, 'num_envs': 3, 'inv_weight': 10, 'ex_weight': 0.4, 'alpha': 0.1}, steam:{'layer_num': 2, 'reg_weight': 1e-06, 'num_envs': 3, 'inv_weight': 10, 'ex_weight': 0.4, 'alpha': 0.1}
2026-04-08 14:47:29,682 - -----------------------------------------------------------------------------------------------------
2026-04-08 14:47:38,175 - Epoch   0 Validation set [recall@10: 0.0385 recall@20: 0.0620 ] [ndcg@10: 0.0282 ndcg@20: 0.0360 ] 
2026-04-08 14:47:43,319 - Epoch   3 Validation set [recall@10: 0.0387 recall@20: 0.0634 ] [ndcg@10: 0.0285 ndcg@20: 0.0366 ] 
2026-04-08 14:47:48,507 - Epoch   6 Validation set [recall@10: 0.0452 recall@20: 0.0729 ] [ndcg@10: 0.0337 ndcg@20: 0.0427 ] 
2026-04-08 14:47:53,708 - Epoch   9 Validation set [recall@10: 0.0503 recall@20: 0.0801 ] [ndcg@10: 0.0381 ndcg@20: 0.0477 ] 
2026-04-08 14:47:58,775 - Epoch  12 Validation set [recall@10: 0.0532 recall@20: 0.0856 ] [ndcg@10: 0.0405 ndcg@20: 0.0509 ] 
2026-04-08 14:48:04,214 - Epoch  15 Validation set [recall@10: 0.0572 recall@20: 0.0915 ] [ndcg@10: 0.0429 ndcg@20: 0.0541 ] 
2026-04-08 14:48:09,679 - Epoch  18 Validation set [recall@10: 0.0599 recall@20: 0.0955 ] [ndcg@10: 0.0450 ndcg@20: 0.0565 ] 
2026-04-08 14:48:14,893 - Epoch  21 Validation set [recall@10: 0.0621 recall@20: 0.0992 ] [ndcg@10: 0.0469 ndcg@20: 0.0589 ] 
2026-04-08 14:48:20,393 - Epoch  24 Validation set [recall@10: 0.0642 recall@20: 0.1019 ] [ndcg@10: 0.0487 ndcg@20: 0.0609 ] 
2026-04-08 14:48:25,798 - Epoch  27 Validation set [recall@10: 0.0665 recall@20: 0.1042 ] [ndcg@10: 0.0499 ndcg@20: 0.0622 ] 
2026-04-08 14:48:30,919 - Epoch  30 Validation set [recall@10: 0.0682 recall@20: 0.1062 ] [ndcg@10: 0.0512 ndcg@20: 0.0635 ] 
2026-04-08 14:48:36,057 - Epoch  33 Validation set [recall@10: 0.0694 recall@20: 0.1085 ] [ndcg@10: 0.0521 ndcg@20: 0.0647 ] 
2026-04-08 14:48:41,230 - Epoch  36 Validation set [recall@10: 0.0712 recall@20: 0.1100 ] [ndcg@10: 0.0534 ndcg@20: 0.0659 ] 
2026-04-08 14:48:46,330 - Epoch  39 Validation set [recall@10: 0.0727 recall@20: 0.1115 ] [ndcg@10: 0.0545 ndcg@20: 0.0671 ] 
2026-04-08 14:48:51,536 - Epoch  42 Validation set [recall@10: 0.0736 recall@20: 0.1133 ] [ndcg@10: 0.0553 ndcg@20: 0.0683 ] 
2026-04-08 14:48:56,713 - Epoch  45 Validation set [recall@10: 0.0740 recall@20: 0.1148 ] [ndcg@10: 0.0556 ndcg@20: 0.0690 ] 
2026-04-08 14:49:01,830 - Epoch  48 Validation set [recall@10: 0.0751 recall@20: 0.1162 ] [ndcg@10: 0.0565 ndcg@20: 0.0699 ] 
2026-04-08 14:49:06,900 - Epoch  51 Validation set [recall@10: 0.0759 recall@20: 0.1184 ] [ndcg@10: 0.0570 ndcg@20: 0.0709 ] 
2026-04-08 14:49:12,054 - Epoch  54 Validation set [recall@10: 0.0765 recall@20: 0.1199 ] [ndcg@10: 0.0574 ndcg@20: 0.0716 ] 
2026-04-08 14:49:17,115 - Epoch  57 Validation set [recall@10: 0.0770 recall@20: 0.1209 ] [ndcg@10: 0.0577 ndcg@20: 0.0721 ] 
2026-04-08 14:49:22,235 - Epoch  60 Validation set [recall@10: 0.0780 recall@20: 0.1217 ] [ndcg@10: 0.0584 ndcg@20: 0.0728 ] 
2026-04-08 14:49:27,291 - Epoch  63 Validation set [recall@10: 0.0783 recall@20: 0.1232 ] [ndcg@10: 0.0589 ndcg@20: 0.0736 ] 
2026-04-08 14:49:32,402 - Epoch  66 Validation set [recall@10: 0.0791 recall@20: 0.1244 ] [ndcg@10: 0.0596 ndcg@20: 0.0744 ] 
2026-04-08 14:49:37,469 - Epoch  69 Validation set [recall@10: 0.0798 recall@20: 0.1258 ] [ndcg@10: 0.0601 ndcg@20: 0.0752 ] 
2026-04-08 14:49:42,517 - Epoch  72 Validation set [recall@10: 0.0809 recall@20: 0.1261 ] [ndcg@10: 0.0608 ndcg@20: 0.0756 ] 
2026-04-08 14:49:47,636 - Epoch  75 Validation set [recall@10: 0.0819 recall@20: 0.1276 ] [ndcg@10: 0.0616 ndcg@20: 0.0765 ] 
2026-04-08 14:49:52,671 - Epoch  78 Validation set [recall@10: 0.0831 recall@20: 0.1286 ] [ndcg@10: 0.0621 ndcg@20: 0.0770 ] 
2026-04-08 14:49:57,794 - Epoch  81 Validation set [recall@10: 0.0832 recall@20: 0.1297 ] [ndcg@10: 0.0625 ndcg@20: 0.0777 ] 
2026-04-08 14:50:02,893 - Epoch  84 Validation set [recall@10: 0.0844 recall@20: 0.1305 ] [ndcg@10: 0.0632 ndcg@20: 0.0783 ] 
2026-04-08 14:50:08,003 - Epoch  87 Validation set [recall@10: 0.0850 recall@20: 0.1310 ] [ndcg@10: 0.0635 ndcg@20: 0.0786 ] 
2026-04-08 14:50:13,157 - Epoch  90 Validation set [recall@10: 0.0854 recall@20: 0.1321 ] [ndcg@10: 0.0641 ndcg@20: 0.0793 ] 
2026-04-08 14:50:18,526 - Epoch  93 Validation set [recall@10: 0.0857 recall@20: 0.1325 ] [ndcg@10: 0.0643 ndcg@20: 0.0797 ] 
2026-04-08 14:50:23,712 - Epoch  96 Validation set [recall@10: 0.0854 recall@20: 0.1329 ] [ndcg@10: 0.0645 ndcg@20: 0.0801 ] 
2026-04-08 14:50:29,092 - Epoch  99 Validation set [recall@10: 0.0866 recall@20: 0.1332 ] [ndcg@10: 0.0650 ndcg@20: 0.0804 ] 
2026-04-08 14:50:34,451 - Epoch 102 Validation set [recall@10: 0.0868 recall@20: 0.1343 ] [ndcg@10: 0.0651 ndcg@20: 0.0808 ] 
2026-04-08 14:50:39,708 - Epoch 105 Validation set [recall@10: 0.0874 recall@20: 0.1356 ] [ndcg@10: 0.0657 ndcg@20: 0.0815 ] 
2026-04-08 14:50:44,787 - Epoch 108 Validation set [recall@10: 0.0882 recall@20: 0.1361 ] [ndcg@10: 0.0661 ndcg@20: 0.0818 ] 
2026-04-08 14:50:49,843 - Epoch 111 Validation set [recall@10: 0.0890 recall@20: 0.1370 ] [ndcg@10: 0.0665 ndcg@20: 0.0822 ] 
2026-04-08 14:50:54,976 - Epoch 114 Validation set [recall@10: 0.0892 recall@20: 0.1376 ] [ndcg@10: 0.0669 ndcg@20: 0.0828 ] 
2026-04-08 14:51:00,188 - Epoch 117 Validation set [recall@10: 0.0902 recall@20: 0.1381 ] [ndcg@10: 0.0676 ndcg@20: 0.0832 ] 
2026-04-08 14:51:05,314 - Epoch 120 Validation set [recall@10: 0.0913 recall@20: 0.1388 ] [ndcg@10: 0.0682 ndcg@20: 0.0838 ] 
2026-04-08 14:51:10,571 - Epoch 123 Validation set [recall@10: 0.0909 recall@20: 0.1397 ] [ndcg@10: 0.0681 ndcg@20: 0.0841 ] 
2026-04-08 14:51:15,742 - Epoch 126 Validation set [recall@10: 0.0919 recall@20: 0.1402 ] [ndcg@10: 0.0686 ndcg@20: 0.0844 ] 
2026-04-08 14:51:20,992 - Epoch 129 Validation set [recall@10: 0.0911 recall@20: 0.1412 ] [ndcg@10: 0.0684 ndcg@20: 0.0847 ] 
2026-04-08 14:51:26,233 - Epoch 132 Validation set [recall@10: 0.0914 recall@20: 0.1427 ] [ndcg@10: 0.0686 ndcg@20: 0.0853 ] 
2026-04-08 14:51:31,345 - Epoch 135 Validation set [recall@10: 0.0922 recall@20: 0.1430 ] [ndcg@10: 0.0690 ndcg@20: 0.0856 ] 
2026-04-08 14:51:36,592 - Epoch 138 Validation set [recall@10: 0.0926 recall@20: 0.1439 ] [ndcg@10: 0.0694 ndcg@20: 0.0862 ] 
2026-04-08 14:51:41,740 - Epoch 141 Validation set [recall@10: 0.0944 recall@20: 0.1441 ] [ndcg@10: 0.0702 ndcg@20: 0.0865 ] 
2026-04-08 14:51:46,749 - Epoch 144 Validation set [recall@10: 0.0942 recall@20: 0.1444 ] [ndcg@10: 0.0703 ndcg@20: 0.0867 ] 
2026-04-08 14:51:52,018 - Epoch 147 Validation set [recall@10: 0.0941 recall@20: 0.1445 ] [ndcg@10: 0.0707 ndcg@20: 0.0871 ] 
2026-04-08 14:51:57,295 - Epoch 150 Validation set [recall@10: 0.0947 recall@20: 0.1453 ] [ndcg@10: 0.0709 ndcg@20: 0.0875 ] 
2026-04-08 14:52:02,592 - Epoch 153 Validation set [recall@10: 0.0951 recall@20: 0.1463 ] [ndcg@10: 0.0711 ndcg@20: 0.0878 ] 
2026-04-08 14:52:07,929 - Epoch 156 Validation set [recall@10: 0.0956 recall@20: 0.1471 ] [ndcg@10: 0.0713 ndcg@20: 0.0881 ] 
2026-04-08 14:52:13,268 - Epoch 159 Validation set [recall@10: 0.0955 recall@20: 0.1466 ] [ndcg@10: 0.0713 ndcg@20: 0.0881 ] 
2026-04-08 14:52:18,438 - Epoch 162 Validation set [recall@10: 0.0952 recall@20: 0.1472 ] [ndcg@10: 0.0713 ndcg@20: 0.0884 ] 
2026-04-08 14:52:23,718 - Epoch 165 Validation set [recall@10: 0.0954 recall@20: 0.1476 ] [ndcg@10: 0.0715 ndcg@20: 0.0886 ] 
2026-04-08 14:52:28,828 - Epoch 168 Validation set [recall@10: 0.0959 recall@20: 0.1479 ] [ndcg@10: 0.0719 ndcg@20: 0.0890 ] 
2026-04-08 14:52:33,873 - Epoch 171 Validation set [recall@10: 0.0969 recall@20: 0.1478 ] [ndcg@10: 0.0723 ndcg@20: 0.0890 ] 
2026-04-08 14:52:38,909 - Epoch 174 Validation set [recall@10: 0.0971 recall@20: 0.1489 ] [ndcg@10: 0.0725 ndcg@20: 0.0895 ] 
2026-04-08 14:52:43,906 - Epoch 177 Validation set [recall@10: 0.0978 recall@20: 0.1491 ] [ndcg@10: 0.0728 ndcg@20: 0.0894 ] 
2026-04-08 14:52:49,038 - Epoch 180 Validation set [recall@10: 0.0973 recall@20: 0.1498 ] [ndcg@10: 0.0727 ndcg@20: 0.0899 ] 
2026-04-08 14:52:54,200 - Epoch 183 Validation set [recall@10: 0.0976 recall@20: 0.1490 ] [ndcg@10: 0.0730 ndcg@20: 0.0897 ] 
2026-04-08 14:52:59,236 - Epoch 186 Validation set [recall@10: 0.0975 recall@20: 0.1506 ] [ndcg@10: 0.0731 ndcg@20: 0.0904 ] 
2026-04-08 14:53:04,491 - Epoch 189 Validation set [recall@10: 0.0983 recall@20: 0.1510 ] [ndcg@10: 0.0735 ndcg@20: 0.0908 ] 
2026-04-08 14:53:09,481 - Epoch 192 Validation set [recall@10: 0.0988 recall@20: 0.1506 ] [ndcg@10: 0.0736 ndcg@20: 0.0906 ] 
2026-04-08 14:53:14,574 - Epoch 195 Validation set [recall@10: 0.0987 recall@20: 0.1511 ] [ndcg@10: 0.0737 ndcg@20: 0.0908 ] 
2026-04-08 14:53:19,823 - Epoch 198 Validation set [recall@10: 0.0987 recall@20: 0.1510 ] [ndcg@10: 0.0739 ndcg@20: 0.0911 ] 
2026-04-08 14:53:25,138 - Epoch 201 Validation set [recall@10: 0.0996 recall@20: 0.1510 ] [ndcg@10: 0.0746 ndcg@20: 0.0914 ] 
2026-04-08 14:53:30,332 - Epoch 204 Validation set [recall@10: 0.1002 recall@20: 0.1523 ] [ndcg@10: 0.0747 ndcg@20: 0.0917 ] 
2026-04-08 14:53:35,618 - Epoch 207 Validation set [recall@10: 0.0998 recall@20: 0.1529 ] [ndcg@10: 0.0748 ndcg@20: 0.0921 ] 
2026-04-08 14:53:40,789 - Epoch 210 Validation set [recall@10: 0.0996 recall@20: 0.1529 ] [ndcg@10: 0.0746 ndcg@20: 0.0921 ] 
2026-04-08 14:53:46,061 - Epoch 213 Validation set [recall@10: 0.0999 recall@20: 0.1524 ] [ndcg@10: 0.0749 ndcg@20: 0.0921 ] 
2026-04-08 14:53:51,274 - Epoch 216 Validation set [recall@10: 0.0989 recall@20: 0.1525 ] [ndcg@10: 0.0745 ndcg@20: 0.0920 ] 
2026-04-08 14:53:56,675 - Epoch 219 Validation set [recall@10: 0.0997 recall@20: 0.1526 ] [ndcg@10: 0.0748 ndcg@20: 0.0920 ] 
2026-04-08 14:54:01,911 - Epoch 222 Validation set [recall@10: 0.0992 recall@20: 0.1526 ] [ndcg@10: 0.0747 ndcg@20: 0.0922 ] 
2026-04-08 14:54:07,218 - Epoch 225 Validation set [recall@10: 0.1002 recall@20: 0.1529 ] [ndcg@10: 0.0751 ndcg@20: 0.0923 ] 
2026-04-08 14:54:12,358 - Epoch 228 Validation set [recall@10: 0.1006 recall@20: 0.1536 ] [ndcg@10: 0.0752 ndcg@20: 0.0926 ] 
2026-04-08 14:54:17,808 - Epoch 231 Validation set [recall@10: 0.1004 recall@20: 0.1535 ] [ndcg@10: 0.0754 ndcg@20: 0.0926 ] 
2026-04-08 14:54:23,171 - Epoch 234 Validation set [recall@10: 0.1007 recall@20: 0.1537 ] [ndcg@10: 0.0754 ndcg@20: 0.0927 ] 
2026-04-08 14:54:28,373 - Epoch 237 Validation set [recall@10: 0.1010 recall@20: 0.1533 ] [ndcg@10: 0.0756 ndcg@20: 0.0926 ] 
2026-04-08 14:54:33,510 - Epoch 240 Validation set [recall@10: 0.1014 recall@20: 0.1536 ] [ndcg@10: 0.0757 ndcg@20: 0.0928 ] 
2026-04-08 14:54:38,829 - Epoch 243 Validation set [recall@10: 0.1013 recall@20: 0.1532 ] [ndcg@10: 0.0757 ndcg@20: 0.0927 ] 
2026-04-08 14:54:43,964 - Epoch 246 Validation set [recall@10: 0.1016 recall@20: 0.1532 ] [ndcg@10: 0.0760 ndcg@20: 0.0929 ] 
2026-04-08 14:54:49,361 - Epoch 249 Validation set [recall@10: 0.1012 recall@20: 0.1531 ] [ndcg@10: 0.0758 ndcg@20: 0.0929 ] 
2026-04-08 14:54:54,468 - Epoch 252 Validation set [recall@10: 0.1018 recall@20: 0.1532 ] [ndcg@10: 0.0759 ndcg@20: 0.0928 ] 
2026-04-08 14:54:59,692 - Epoch 255 Validation set [recall@10: 0.1021 recall@20: 0.1541 ] [ndcg@10: 0.0761 ndcg@20: 0.0932 ] 
2026-04-08 14:55:04,903 - Epoch 258 Validation set [recall@10: 0.1016 recall@20: 0.1544 ] [ndcg@10: 0.0759 ndcg@20: 0.0933 ] 
2026-04-08 14:55:10,159 - Epoch 261 Validation set [recall@10: 0.1023 recall@20: 0.1549 ] [ndcg@10: 0.0766 ndcg@20: 0.0938 ] 
2026-04-08 14:55:15,462 - Epoch 264 Validation set [recall@10: 0.1029 recall@20: 0.1534 ] [ndcg@10: 0.0768 ndcg@20: 0.0933 ] 
2026-04-08 14:55:20,718 - Epoch 267 Validation set [recall@10: 0.1030 recall@20: 0.1544 ] [ndcg@10: 0.0766 ndcg@20: 0.0935 ] 
2026-04-08 14:55:25,997 - Epoch 270 Validation set [recall@10: 0.1025 recall@20: 0.1546 ] [ndcg@10: 0.0764 ndcg@20: 0.0935 ] 
2026-04-08 14:55:31,234 - Epoch 273 Validation set [recall@10: 0.1019 recall@20: 0.1542 ] [ndcg@10: 0.0765 ndcg@20: 0.0936 ] 
2026-04-08 14:55:36,828 - Epoch 276 Validation set [recall@10: 0.1019 recall@20: 0.1541 ] [ndcg@10: 0.0765 ndcg@20: 0.0936 ] 
2026-04-08 14:55:41,992 - Epoch 279 Validation set [recall@10: 0.1020 recall@20: 0.1535 ] [ndcg@10: 0.0766 ndcg@20: 0.0935 ] 
2026-04-08 14:55:47,434 - Epoch 282 Validation set [recall@10: 0.1017 recall@20: 0.1541 ] [ndcg@10: 0.0764 ndcg@20: 0.0935 ] 
2026-04-08 14:55:52,710 - Epoch 285 Validation set [recall@10: 0.1017 recall@20: 0.1540 ] [ndcg@10: 0.0765 ndcg@20: 0.0935 ] 
2026-04-08 14:55:58,001 - Epoch 288 Validation set [recall@10: 0.1019 recall@20: 0.1545 ] [ndcg@10: 0.0764 ndcg@20: 0.0936 ] 
2026-04-08 14:56:03,579 - Epoch 291 Validation set [recall@10: 0.1020 recall@20: 0.1548 ] [ndcg@10: 0.0767 ndcg@20: 0.0938 ] 
2026-04-08 14:56:09,154 - Epoch 294 Validation set [recall@10: 0.1017 recall@20: 0.1550 ] [ndcg@10: 0.0768 ndcg@20: 0.0940 ] 
2026-04-08 14:56:14,375 - Epoch 297 Validation set [recall@10: 0.1024 recall@20: 0.1550 ] [ndcg@10: 0.0770 ndcg@20: 0.0941 ] 
2026-04-08 14:56:19,719 - Epoch 300 Validation set [recall@10: 0.1028 recall@20: 0.1549 ] [ndcg@10: 0.0770 ndcg@20: 0.0939 ] 
2026-04-08 14:56:25,183 - Epoch 303 Validation set [recall@10: 0.1023 recall@20: 0.1549 ] [ndcg@10: 0.0771 ndcg@20: 0.0942 ] 
2026-04-08 14:56:30,459 - Epoch 306 Validation set [recall@10: 0.1030 recall@20: 0.1553 ] [ndcg@10: 0.0776 ndcg@20: 0.0945 ] 
2026-04-08 14:56:35,805 - Epoch 309 Validation set [recall@10: 0.1022 recall@20: 0.1560 ] [ndcg@10: 0.0773 ndcg@20: 0.0947 ] 
2026-04-08 14:56:40,929 - Epoch 312 Validation set [recall@10: 0.1023 recall@20: 0.1562 ] [ndcg@10: 0.0771 ndcg@20: 0.0946 ] 
2026-04-08 14:56:46,117 - Epoch 315 Validation set [recall@10: 0.1021 recall@20: 0.1561 ] [ndcg@10: 0.0771 ndcg@20: 0.0946 ] 
2026-04-08 14:56:51,496 - Epoch 318 Validation set [recall@10: 0.1036 recall@20: 0.1563 ] [ndcg@10: 0.0774 ndcg@20: 0.0946 ] 
2026-04-08 14:56:56,842 - Epoch 321 Validation set [recall@10: 0.1033 recall@20: 0.1558 ] [ndcg@10: 0.0772 ndcg@20: 0.0944 ] 
2026-04-08 14:57:02,356 - Epoch 324 Validation set [recall@10: 0.1032 recall@20: 0.1557 ] [ndcg@10: 0.0771 ndcg@20: 0.0944 ] 
2026-04-08 14:57:07,573 - Epoch 327 Validation set [recall@10: 0.1027 recall@20: 0.1565 ] [ndcg@10: 0.0773 ndcg@20: 0.0948 ] 
2026-04-08 14:57:12,805 - Epoch 330 Validation set [recall@10: 0.1035 recall@20: 0.1564 ] [ndcg@10: 0.0773 ndcg@20: 0.0946 ] 
2026-04-08 14:57:17,929 - Epoch 333 Validation set [recall@10: 0.1033 recall@20: 0.1558 ] [ndcg@10: 0.0775 ndcg@20: 0.0946 ] 
2026-04-08 14:57:23,179 - Epoch 336 Validation set [recall@10: 0.1041 recall@20: 0.1556 ] [ndcg@10: 0.0776 ndcg@20: 0.0944 ] 
2026-04-08 14:57:28,480 - Epoch 339 Validation set [recall@10: 0.1030 recall@20: 0.1555 ] [ndcg@10: 0.0774 ndcg@20: 0.0945 ] 
2026-04-08 14:57:33,591 - Epoch 342 Validation set [recall@10: 0.1028 recall@20: 0.1555 ] [ndcg@10: 0.0773 ndcg@20: 0.0945 ] 
2026-04-08 14:57:38,804 - Epoch 345 Validation set [recall@10: 0.1030 recall@20: 0.1560 ] [ndcg@10: 0.0775 ndcg@20: 0.0946 ] 
2026-04-08 14:57:44,059 - Epoch 348 Validation set [recall@10: 0.1032 recall@20: 0.1559 ] [ndcg@10: 0.0776 ndcg@20: 0.0948 ] 
2026-04-08 14:57:49,266 - Epoch 351 Validation set [recall@10: 0.1039 recall@20: 0.1562 ] [ndcg@10: 0.0779 ndcg@20: 0.0949 ] 
2026-04-08 14:57:54,550 - Epoch 354 Validation set [recall@10: 0.1025 recall@20: 0.1570 ] [ndcg@10: 0.0774 ndcg@20: 0.0951 ] 
2026-04-08 14:57:59,713 - Epoch 357 Validation set [recall@10: 0.1024 recall@20: 0.1570 ] [ndcg@10: 0.0775 ndcg@20: 0.0952 ] 
2026-04-08 14:58:04,802 - Epoch 360 Validation set [recall@10: 0.1041 recall@20: 0.1569 ] [ndcg@10: 0.0783 ndcg@20: 0.0954 ] 
2026-04-08 14:58:09,964 - Epoch 363 Validation set [recall@10: 0.1032 recall@20: 0.1576 ] [ndcg@10: 0.0779 ndcg@20: 0.0954 ] 
2026-04-08 14:58:15,285 - Epoch 366 Validation set [recall@10: 0.1042 recall@20: 0.1572 ] [ndcg@10: 0.0783 ndcg@20: 0.0954 ] 
2026-04-08 14:58:20,344 - Epoch 369 Validation set [recall@10: 0.1037 recall@20: 0.1572 ] [ndcg@10: 0.0780 ndcg@20: 0.0953 ] 
2026-04-08 14:58:25,442 - Epoch 372 Validation set [recall@10: 0.1036 recall@20: 0.1566 ] [ndcg@10: 0.0779 ndcg@20: 0.0951 ] 
2026-04-08 14:58:30,542 - Epoch 375 Validation set [recall@10: 0.1030 recall@20: 0.1568 ] [ndcg@10: 0.0779 ndcg@20: 0.0953 ] 
2026-04-08 14:58:35,840 - Epoch 378 Validation set [recall@10: 0.1037 recall@20: 0.1571 ] [ndcg@10: 0.0779 ndcg@20: 0.0951 ] 
2026-04-08 14:58:41,044 - Epoch 381 Validation set [recall@10: 0.1040 recall@20: 0.1582 ] [ndcg@10: 0.0778 ndcg@20: 0.0954 ] 
2026-04-08 14:58:46,311 - Epoch 384 Validation set [recall@10: 0.1045 recall@20: 0.1579 ] [ndcg@10: 0.0780 ndcg@20: 0.0953 ] 
2026-04-08 14:58:51,716 - Epoch 387 Validation set [recall@10: 0.1046 recall@20: 0.1567 ] [ndcg@10: 0.0782 ndcg@20: 0.0951 ] 
2026-04-08 14:58:56,826 - Epoch 390 Validation set [recall@10: 0.1043 recall@20: 0.1566 ] [ndcg@10: 0.0778 ndcg@20: 0.0948 ] 
2026-04-08 14:59:01,939 - Epoch 393 Validation set [recall@10: 0.1044 recall@20: 0.1566 ] [ndcg@10: 0.0781 ndcg@20: 0.0950 ] 
2026-04-08 14:59:07,066 - Epoch 396 Validation set [recall@10: 0.1039 recall@20: 0.1562 ] [ndcg@10: 0.0776 ndcg@20: 0.0947 ] 
2026-04-08 14:59:12,252 - Epoch 399 Validation set [recall@10: 0.1044 recall@20: 0.1566 ] [ndcg@10: 0.0780 ndcg@20: 0.0949 ] 
2026-04-08 14:59:17,451 - Epoch 402 Validation set [recall@10: 0.1041 recall@20: 0.1564 ] [ndcg@10: 0.0778 ndcg@20: 0.0947 ] 
2026-04-08 14:59:22,614 - Epoch 405 Validation set [recall@10: 0.1040 recall@20: 0.1556 ] [ndcg@10: 0.0777 ndcg@20: 0.0945 ] 
2026-04-08 14:59:27,710 - Epoch 408 Validation set [recall@10: 0.1039 recall@20: 0.1558 ] [ndcg@10: 0.0780 ndcg@20: 0.0948 ] 
2026-04-08 14:59:32,928 - Epoch 411 Validation set [recall@10: 0.1035 recall@20: 0.1553 ] [ndcg@10: 0.0781 ndcg@20: 0.0948 ] 
2026-04-08 14:59:38,010 - Epoch 414 Validation set [recall@10: 0.1034 recall@20: 0.1553 ] [ndcg@10: 0.0780 ndcg@20: 0.0948 ] 
2026-04-08 14:59:43,278 - Epoch 417 Validation set [recall@10: 0.1035 recall@20: 0.1550 ] [ndcg@10: 0.0778 ndcg@20: 0.0945 ] 
2026-04-08 14:59:48,477 - Epoch 420 Validation set [recall@10: 0.1038 recall@20: 0.1558 ] [ndcg@10: 0.0777 ndcg@20: 0.0945 ] 
2026-04-08 14:59:53,824 - Epoch 423 Validation set [recall@10: 0.1034 recall@20: 0.1556 ] [ndcg@10: 0.0777 ndcg@20: 0.0944 ] 
2026-04-08 14:59:58,972 - Epoch 426 Validation set [recall@10: 0.1032 recall@20: 0.1566 ] [ndcg@10: 0.0777 ndcg@20: 0.0949 ] 
2026-04-08 15:00:04,404 - Epoch 429 Validation set [recall@10: 0.1036 recall@20: 0.1568 ] [ndcg@10: 0.0776 ndcg@20: 0.0947 ] 
2026-04-08 15:00:09,579 - Epoch 432 Validation set [recall@10: 0.1029 recall@20: 0.1566 ] [ndcg@10: 0.0776 ndcg@20: 0.0948 ] 
2026-04-08 15:00:14,760 - Epoch 435 Validation set [recall@10: 0.1031 recall@20: 0.1568 ] [ndcg@10: 0.0777 ndcg@20: 0.0950 ] 
2026-04-08 15:00:20,119 - Epoch 438 Validation set [recall@10: 0.1040 recall@20: 0.1567 ] [ndcg@10: 0.0781 ndcg@20: 0.0951 ] 
2026-04-08 15:00:25,245 - Epoch 441 Validation set [recall@10: 0.1039 recall@20: 0.1570 ] [ndcg@10: 0.0783 ndcg@20: 0.0954 ] 
2026-04-08 15:00:32,895 - [recall@10: 0.1040 recall@20: 0.1582 ] [ndcg@10: 0.0778 ndcg@20: 0.0954 ] 
2026-04-08 15:00:32,895 - Test--------------------------------------------------------------------------
2026-04-08 15:00:40,737 - [recall@10: 0.1009 recall@20: 0.1529 ] [ndcg@10: 0.0770 ndcg@20: 0.0940 ] 
2026-04-08 15:00:40,738 - Best Epoch 381. Final test result: {'recall': array([0.10085077, 0.15285274]), 'ndcg': array([0.07700586, 0.09400314])}.
