2026-05-03 10:46:28,657 - Optimizer| name:adam, lr:0.001, weight_decay:0
2026-05-03 10:46:28,657 - Train| epoch:3000, batch_size:4096, save_model:False, loss:pairwise, test_step:3, reproducible:True, seed:2025, patience:20
2026-05-03 10:46:28,657 - Test| metrics:['recall', 'ndcg'], k:[10, 20], batch_size:1024
2026-05-03 10:46:28,657 - Data| type:general_cf, name:steam, user_num:23310, item_num:5237
2026-05-03 10:46:28,657 - Model| name:lightgcn_proex, type:discriminative, keep_rate:1.0, profiles:4, embedding_size:32, amazon:{'layer_num': 3, 'reg_weight': 1e-06, 'num_envs': 4, 'inv_weight': 10, 'ex_weight': 0.4, 'alpha': 0.1}, yelp:{'layer_num': 3, 'reg_weight': 1e-06, 'num_envs': 3, 'inv_weight': 10, 'ex_weight': 0.4, 'alpha': 0.1}, steam:{'layer_num': 3, 'reg_weight': 1e-06, 'num_envs': 2, 'inv_weight': 10, 'ex_weight': 2.0, 'alpha': 0.1}
2026-05-03 10:46:28,657 - -----------------------------------------------------------------------------------------------------
2026-05-03 10:46:36,683 - Epoch   0 Validation set [recall@10: 0.0560 recall@20: 0.0912 ] [ndcg@10: 0.0474 ndcg@20: 0.0588 ] 
2026-05-03 10:46:51,463 - Epoch   3 Validation set [recall@10: 0.0587 recall@20: 0.0937 ] [ndcg@10: 0.0487 ndcg@20: 0.0601 ] 
2026-05-03 10:47:06,255 - Epoch   6 Validation set [recall@10: 0.0639 recall@20: 0.1040 ] [ndcg@10: 0.0529 ndcg@20: 0.0661 ] 
2026-05-03 10:47:21,052 - Epoch   9 Validation set [recall@10: 0.0680 recall@20: 0.1118 ] [ndcg@10: 0.0562 ndcg@20: 0.0707 ] 
2026-05-03 10:47:35,620 - Epoch  12 Validation set [recall@10: 0.0740 recall@20: 0.1182 ] [ndcg@10: 0.0603 ndcg@20: 0.0751 ] 
2026-05-03 10:47:50,234 - Epoch  15 Validation set [recall@10: 0.0775 recall@20: 0.1232 ] [ndcg@10: 0.0632 ndcg@20: 0.0785 ] 
2026-05-03 10:48:04,999 - Epoch  18 Validation set [recall@10: 0.0801 recall@20: 0.1279 ] [ndcg@10: 0.0652 ndcg@20: 0.0812 ] 
2026-05-03 10:48:19,875 - Epoch  21 Validation set [recall@10: 0.0823 recall@20: 0.1309 ] [ndcg@10: 0.0672 ndcg@20: 0.0834 ] 
2026-05-03 10:48:34,599 - Epoch  24 Validation set [recall@10: 0.0839 recall@20: 0.1332 ] [ndcg@10: 0.0682 ndcg@20: 0.0848 ] 
2026-05-03 10:48:49,221 - Epoch  27 Validation set [recall@10: 0.0858 recall@20: 0.1351 ] [ndcg@10: 0.0695 ndcg@20: 0.0861 ] 
2026-05-03 10:49:04,010 - Epoch  30 Validation set [recall@10: 0.0864 recall@20: 0.1372 ] [ndcg@10: 0.0701 ndcg@20: 0.0872 ] 
2026-05-03 10:49:18,802 - Epoch  33 Validation set [recall@10: 0.0869 recall@20: 0.1388 ] [ndcg@10: 0.0706 ndcg@20: 0.0882 ] 
2026-05-03 10:49:33,506 - Epoch  36 Validation set [recall@10: 0.0884 recall@20: 0.1395 ] [ndcg@10: 0.0715 ndcg@20: 0.0888 ] 
2026-05-03 10:49:48,197 - Epoch  39 Validation set [recall@10: 0.0890 recall@20: 0.1404 ] [ndcg@10: 0.0720 ndcg@20: 0.0894 ] 
2026-05-03 10:50:02,961 - Epoch  42 Validation set [recall@10: 0.0891 recall@20: 0.1414 ] [ndcg@10: 0.0725 ndcg@20: 0.0902 ] 
2026-05-03 10:50:17,359 - Epoch  45 Validation set [recall@10: 0.0893 recall@20: 0.1425 ] [ndcg@10: 0.0727 ndcg@20: 0.0907 ] 
2026-05-03 10:50:32,057 - Epoch  48 Validation set [recall@10: 0.0905 recall@20: 0.1427 ] [ndcg@10: 0.0735 ndcg@20: 0.0911 ] 
2026-05-03 10:50:46,736 - Epoch  51 Validation set [recall@10: 0.0910 recall@20: 0.1428 ] [ndcg@10: 0.0739 ndcg@20: 0.0914 ] 
2026-05-03 10:51:01,345 - Epoch  54 Validation set [recall@10: 0.0921 recall@20: 0.1436 ] [ndcg@10: 0.0746 ndcg@20: 0.0920 ] 
2026-05-03 10:51:16,046 - Epoch  57 Validation set [recall@10: 0.0923 recall@20: 0.1442 ] [ndcg@10: 0.0747 ndcg@20: 0.0922 ] 
2026-05-03 10:51:30,716 - Epoch  60 Validation set [recall@10: 0.0925 recall@20: 0.1446 ] [ndcg@10: 0.0748 ndcg@20: 0.0925 ] 
2026-05-03 10:51:45,335 - Epoch  63 Validation set [recall@10: 0.0930 recall@20: 0.1453 ] [ndcg@10: 0.0752 ndcg@20: 0.0929 ] 
2026-05-03 10:51:59,872 - Epoch  66 Validation set [recall@10: 0.0933 recall@20: 0.1459 ] [ndcg@10: 0.0754 ndcg@20: 0.0933 ] 
2026-05-03 10:52:14,490 - Epoch  69 Validation set [recall@10: 0.0932 recall@20: 0.1458 ] [ndcg@10: 0.0756 ndcg@20: 0.0933 ] 
2026-05-03 10:52:29,077 - Epoch  72 Validation set [recall@10: 0.0931 recall@20: 0.1464 ] [ndcg@10: 0.0755 ndcg@20: 0.0935 ] 
2026-05-03 10:52:43,753 - Epoch  75 Validation set [recall@10: 0.0936 recall@20: 0.1464 ] [ndcg@10: 0.0756 ndcg@20: 0.0935 ] 
2026-05-03 10:52:58,357 - Epoch  78 Validation set [recall@10: 0.0937 recall@20: 0.1470 ] [ndcg@10: 0.0758 ndcg@20: 0.0938 ] 
2026-05-03 10:53:13,053 - Epoch  81 Validation set [recall@10: 0.0940 recall@20: 0.1471 ] [ndcg@10: 0.0759 ndcg@20: 0.0939 ] 
2026-05-03 10:53:27,720 - Epoch  84 Validation set [recall@10: 0.0942 recall@20: 0.1473 ] [ndcg@10: 0.0762 ndcg@20: 0.0941 ] 
2026-05-03 10:53:42,343 - Epoch  87 Validation set [recall@10: 0.0945 recall@20: 0.1475 ] [ndcg@10: 0.0762 ndcg@20: 0.0942 ] 
2026-05-03 10:53:56,750 - Epoch  90 Validation set [recall@10: 0.0946 recall@20: 0.1474 ] [ndcg@10: 0.0763 ndcg@20: 0.0942 ] 
2026-05-03 10:54:11,205 - Epoch  93 Validation set [recall@10: 0.0951 recall@20: 0.1479 ] [ndcg@10: 0.0766 ndcg@20: 0.0945 ] 
2026-05-03 10:54:25,854 - Epoch  96 Validation set [recall@10: 0.0945 recall@20: 0.1480 ] [ndcg@10: 0.0764 ndcg@20: 0.0945 ] 
2026-05-03 10:54:40,462 - Epoch  99 Validation set [recall@10: 0.0950 recall@20: 0.1484 ] [ndcg@10: 0.0765 ndcg@20: 0.0946 ] 
2026-05-03 10:54:55,027 - Epoch 102 Validation set [recall@10: 0.0947 recall@20: 0.1482 ] [ndcg@10: 0.0766 ndcg@20: 0.0947 ] 
2026-05-03 10:55:09,623 - Epoch 105 Validation set [recall@10: 0.0948 recall@20: 0.1480 ] [ndcg@10: 0.0767 ndcg@20: 0.0947 ] 
2026-05-03 10:55:24,370 - Epoch 108 Validation set [recall@10: 0.0956 recall@20: 0.1480 ] [ndcg@10: 0.0770 ndcg@20: 0.0948 ] 
2026-05-03 10:55:38,958 - Epoch 111 Validation set [recall@10: 0.0948 recall@20: 0.1489 ] [ndcg@10: 0.0766 ndcg@20: 0.0949 ] 
2026-05-03 10:55:53,781 - Epoch 114 Validation set [recall@10: 0.0954 recall@20: 0.1484 ] [ndcg@10: 0.0769 ndcg@20: 0.0949 ] 
2026-05-03 10:56:10,025 - Epoch 117 Validation set [recall@10: 0.0948 recall@20: 0.1486 ] [ndcg@10: 0.0768 ndcg@20: 0.0950 ] 
2026-05-03 10:56:25,511 - Epoch 120 Validation set [recall@10: 0.0943 recall@20: 0.1486 ] [ndcg@10: 0.0765 ndcg@20: 0.0949 ] 
2026-05-03 10:56:40,533 - Epoch 123 Validation set [recall@10: 0.0951 recall@20: 0.1485 ] [ndcg@10: 0.0768 ndcg@20: 0.0949 ] 
2026-05-03 10:56:56,114 - Epoch 126 Validation set [recall@10: 0.0951 recall@20: 0.1486 ] [ndcg@10: 0.0769 ndcg@20: 0.0950 ] 
2026-05-03 10:57:11,445 - Epoch 129 Validation set [recall@10: 0.0950 recall@20: 0.1485 ] [ndcg@10: 0.0767 ndcg@20: 0.0948 ] 
2026-05-03 10:57:26,377 - Epoch 132 Validation set [recall@10: 0.0949 recall@20: 0.1485 ] [ndcg@10: 0.0768 ndcg@20: 0.0949 ] 
2026-05-03 10:57:41,403 - Epoch 135 Validation set [recall@10: 0.0949 recall@20: 0.1484 ] [ndcg@10: 0.0767 ndcg@20: 0.0948 ] 
2026-05-03 10:57:56,326 - Epoch 138 Validation set [recall@10: 0.0957 recall@20: 0.1484 ] [ndcg@10: 0.0770 ndcg@20: 0.0949 ] 
2026-05-03 10:58:11,006 - Epoch 141 Validation set [recall@10: 0.0950 recall@20: 0.1482 ] [ndcg@10: 0.0769 ndcg@20: 0.0949 ] 
2026-05-03 10:58:26,042 - Epoch 144 Validation set [recall@10: 0.0954 recall@20: 0.1482 ] [ndcg@10: 0.0769 ndcg@20: 0.0948 ] 
2026-05-03 10:58:41,026 - Epoch 147 Validation set [recall@10: 0.0953 recall@20: 0.1483 ] [ndcg@10: 0.0771 ndcg@20: 0.0949 ] 
2026-05-03 10:58:55,997 - Epoch 150 Validation set [recall@10: 0.0952 recall@20: 0.1487 ] [ndcg@10: 0.0769 ndcg@20: 0.0950 ] 
2026-05-03 10:59:11,138 - Epoch 153 Validation set [recall@10: 0.0950 recall@20: 0.1487 ] [ndcg@10: 0.0770 ndcg@20: 0.0951 ] 
2026-05-03 10:59:31,112 - Epoch 156 Validation set [recall@10: 0.0956 recall@20: 0.1482 ] [ndcg@10: 0.0772 ndcg@20: 0.0950 ] 
2026-05-03 10:59:52,248 - Epoch 159 Validation set [recall@10: 0.0951 recall@20: 0.1483 ] [ndcg@10: 0.0769 ndcg@20: 0.0949 ] 
2026-05-03 11:00:13,309 - Epoch 162 Validation set [recall@10: 0.0954 recall@20: 0.1484 ] [ndcg@10: 0.0770 ndcg@20: 0.0949 ] 
2026-05-03 11:00:34,344 - Epoch 165 Validation set [recall@10: 0.0950 recall@20: 0.1483 ] [ndcg@10: 0.0769 ndcg@20: 0.0949 ] 
2026-05-03 11:00:55,430 - Epoch 168 Validation set [recall@10: 0.0947 recall@20: 0.1481 ] [ndcg@10: 0.0767 ndcg@20: 0.0947 ] 
2026-05-03 11:01:14,756 - Epoch 171 Validation set [recall@10: 0.0950 recall@20: 0.1478 ] [ndcg@10: 0.0767 ndcg@20: 0.0945 ] 
2026-05-03 11:01:26,600 - [recall@10: 0.0948 recall@20: 0.1489 ] [ndcg@10: 0.0766 ndcg@20: 0.0949 ] 
2026-05-03 11:01:26,600 - Test--------------------------------------------------------------------------
2026-05-03 11:01:38,782 - [recall@10: 0.0939 recall@20: 0.1474 ] [ndcg@10: 0.0757 ndcg@20: 0.0939 ] 
2026-05-03 11:01:38,783 - Best Epoch 111. Final test result: {'recall': array([0.09388423, 0.14737961]), 'ndcg': array([0.07570059, 0.09385653])}.
