2026-05-03 09:54:48,834 - Optimizer| name:adam, lr:0.001, weight_decay:0
2026-05-03 09:54:48,834 - Train| epoch:3000, batch_size:4096, save_model:False, loss:pairwise, test_step:3, reproducible:True, seed:2025, patience:20
2026-05-03 09:54:48,835 - Test| metrics:['recall', 'ndcg'], k:[10, 20], batch_size:1024
2026-05-03 09:54:48,835 - Data| type:general_cf, name:yelp, user_num:11091, item_num:11010
2026-05-03 09:54:48,835 - Model| name:lightgcn_proex, type:discriminative, keep_rate:1.0, profiles:4, embedding_size:32, amazon:{'layer_num': 3, 'reg_weight': 1e-06, 'num_envs': 4, 'inv_weight': 10, 'ex_weight': 0.4, 'alpha': 0.1}, yelp:{'layer_num': 3, 'reg_weight': 1e-06, 'num_envs': 3, 'inv_weight': 10, 'ex_weight': 0.4, 'alpha': 0.1}, steam:{'layer_num': 2, 'reg_weight': 1e-06, 'num_envs': 2, 'inv_weight': 10, 'ex_weight': 2.0, 'alpha': 0.1}
2026-05-03 09:54:48,835 - -----------------------------------------------------------------------------------------------------
2026-05-03 09:55:00,101 - Epoch   0 Validation set [recall@10: 0.0507 recall@20: 0.0833 ] [ndcg@10: 0.0429 ndcg@20: 0.0538 ] 
2026-05-03 09:55:08,031 - Epoch   3 Validation set [recall@10: 0.0524 recall@20: 0.0859 ] [ndcg@10: 0.0440 ndcg@20: 0.0552 ] 
2026-05-03 09:55:15,694 - Epoch   6 Validation set [recall@10: 0.0534 recall@20: 0.0862 ] [ndcg@10: 0.0445 ndcg@20: 0.0555 ] 
2026-05-03 09:55:23,698 - Epoch   9 Validation set [recall@10: 0.0537 recall@20: 0.0865 ] [ndcg@10: 0.0449 ndcg@20: 0.0560 ] 
2026-05-03 09:55:32,174 - Epoch  12 Validation set [recall@10: 0.0545 recall@20: 0.0879 ] [ndcg@10: 0.0454 ndcg@20: 0.0566 ] 
2026-05-03 09:55:44,114 - Epoch  15 Validation set [recall@10: 0.0552 recall@20: 0.0902 ] [ndcg@10: 0.0456 ndcg@20: 0.0574 ] 
2026-05-03 09:55:55,986 - Epoch  18 Validation set [recall@10: 0.0556 recall@20: 0.0919 ] [ndcg@10: 0.0459 ndcg@20: 0.0582 ] 
2026-05-03 09:56:08,043 - Epoch  21 Validation set [recall@10: 0.0562 recall@20: 0.0933 ] [ndcg@10: 0.0467 ndcg@20: 0.0593 ] 
2026-05-03 09:56:19,808 - Epoch  24 Validation set [recall@10: 0.0570 recall@20: 0.0944 ] [ndcg@10: 0.0473 ndcg@20: 0.0599 ] 
2026-05-03 09:56:31,356 - Epoch  27 Validation set [recall@10: 0.0581 recall@20: 0.0964 ] [ndcg@10: 0.0480 ndcg@20: 0.0610 ] 
2026-05-03 09:56:42,550 - Epoch  30 Validation set [recall@10: 0.0593 recall@20: 0.0970 ] [ndcg@10: 0.0490 ndcg@20: 0.0617 ] 
2026-05-03 09:56:53,503 - Epoch  33 Validation set [recall@10: 0.0596 recall@20: 0.0974 ] [ndcg@10: 0.0494 ndcg@20: 0.0621 ] 
2026-05-03 09:57:04,620 - Epoch  36 Validation set [recall@10: 0.0600 recall@20: 0.0975 ] [ndcg@10: 0.0499 ndcg@20: 0.0626 ] 
2026-05-03 09:57:15,773 - Epoch  39 Validation set [recall@10: 0.0606 recall@20: 0.0985 ] [ndcg@10: 0.0502 ndcg@20: 0.0630 ] 
2026-05-03 09:57:26,461 - Epoch  42 Validation set [recall@10: 0.0611 recall@20: 0.0995 ] [ndcg@10: 0.0506 ndcg@20: 0.0636 ] 
2026-05-03 09:57:37,344 - Epoch  45 Validation set [recall@10: 0.0614 recall@20: 0.1002 ] [ndcg@10: 0.0511 ndcg@20: 0.0644 ] 
2026-05-03 09:57:48,084 - Epoch  48 Validation set [recall@10: 0.0617 recall@20: 0.1015 ] [ndcg@10: 0.0515 ndcg@20: 0.0651 ] 
2026-05-03 09:57:58,911 - Epoch  51 Validation set [recall@10: 0.0623 recall@20: 0.1024 ] [ndcg@10: 0.0521 ndcg@20: 0.0658 ] 
2026-05-03 09:58:09,598 - Epoch  54 Validation set [recall@10: 0.0634 recall@20: 0.1037 ] [ndcg@10: 0.0530 ndcg@20: 0.0667 ] 
2026-05-03 09:58:20,601 - Epoch  57 Validation set [recall@10: 0.0636 recall@20: 0.1046 ] [ndcg@10: 0.0531 ndcg@20: 0.0672 ] 
2026-05-03 09:58:31,539 - Epoch  60 Validation set [recall@10: 0.0640 recall@20: 0.1055 ] [ndcg@10: 0.0536 ndcg@20: 0.0678 ] 
2026-05-03 09:58:42,419 - Epoch  63 Validation set [recall@10: 0.0647 recall@20: 0.1067 ] [ndcg@10: 0.0542 ndcg@20: 0.0685 ] 
2026-05-03 09:58:53,235 - Epoch  66 Validation set [recall@10: 0.0654 recall@20: 0.1082 ] [ndcg@10: 0.0548 ndcg@20: 0.0693 ] 
2026-05-03 09:59:04,099 - Epoch  69 Validation set [recall@10: 0.0657 recall@20: 0.1083 ] [ndcg@10: 0.0551 ndcg@20: 0.0697 ] 
2026-05-03 09:59:14,975 - Epoch  72 Validation set [recall@10: 0.0666 recall@20: 0.1096 ] [ndcg@10: 0.0556 ndcg@20: 0.0703 ] 
2026-05-03 09:59:25,950 - Epoch  75 Validation set [recall@10: 0.0672 recall@20: 0.1109 ] [ndcg@10: 0.0561 ndcg@20: 0.0711 ] 
2026-05-03 09:59:36,638 - Epoch  78 Validation set [recall@10: 0.0677 recall@20: 0.1127 ] [ndcg@10: 0.0565 ndcg@20: 0.0718 ] 
2026-05-03 09:59:47,498 - Epoch  81 Validation set [recall@10: 0.0681 recall@20: 0.1135 ] [ndcg@10: 0.0571 ndcg@20: 0.0726 ] 
2026-05-03 09:59:58,479 - Epoch  84 Validation set [recall@10: 0.0686 recall@20: 0.1140 ] [ndcg@10: 0.0574 ndcg@20: 0.0729 ] 
2026-05-03 10:00:09,568 - Epoch  87 Validation set [recall@10: 0.0689 recall@20: 0.1149 ] [ndcg@10: 0.0577 ndcg@20: 0.0733 ] 
2026-05-03 10:00:20,461 - Epoch  90 Validation set [recall@10: 0.0692 recall@20: 0.1154 ] [ndcg@10: 0.0581 ndcg@20: 0.0739 ] 
2026-05-03 10:00:31,325 - Epoch  93 Validation set [recall@10: 0.0695 recall@20: 0.1156 ] [ndcg@10: 0.0585 ndcg@20: 0.0742 ] 
2026-05-03 10:00:42,095 - Epoch  96 Validation set [recall@10: 0.0702 recall@20: 0.1159 ] [ndcg@10: 0.0588 ndcg@20: 0.0745 ] 
2026-05-03 10:00:53,002 - Epoch  99 Validation set [recall@10: 0.0708 recall@20: 0.1169 ] [ndcg@10: 0.0592 ndcg@20: 0.0749 ] 
2026-05-03 10:01:03,675 - Epoch 102 Validation set [recall@10: 0.0715 recall@20: 0.1178 ] [ndcg@10: 0.0597 ndcg@20: 0.0754 ] 
2026-05-03 10:01:14,542 - Epoch 105 Validation set [recall@10: 0.0717 recall@20: 0.1189 ] [ndcg@10: 0.0599 ndcg@20: 0.0758 ] 
2026-05-03 10:01:23,717 - Epoch 108 Validation set [recall@10: 0.0717 recall@20: 0.1181 ] [ndcg@10: 0.0601 ndcg@20: 0.0759 ] 
2026-05-03 10:01:33,889 - Epoch 111 Validation set [recall@10: 0.0723 recall@20: 0.1197 ] [ndcg@10: 0.0603 ndcg@20: 0.0763 ] 
2026-05-03 10:01:44,780 - Epoch 114 Validation set [recall@10: 0.0724 recall@20: 0.1193 ] [ndcg@10: 0.0605 ndcg@20: 0.0764 ] 
2026-05-03 10:01:55,469 - Epoch 117 Validation set [recall@10: 0.0730 recall@20: 0.1194 ] [ndcg@10: 0.0611 ndcg@20: 0.0769 ] 
2026-05-03 10:02:06,267 - Epoch 120 Validation set [recall@10: 0.0731 recall@20: 0.1200 ] [ndcg@10: 0.0611 ndcg@20: 0.0771 ] 
2026-05-03 10:02:17,208 - Epoch 123 Validation set [recall@10: 0.0737 recall@20: 0.1209 ] [ndcg@10: 0.0615 ndcg@20: 0.0775 ] 
2026-05-03 10:02:27,736 - Epoch 126 Validation set [recall@10: 0.0741 recall@20: 0.1213 ] [ndcg@10: 0.0618 ndcg@20: 0.0778 ] 
2026-05-03 10:02:38,425 - Epoch 129 Validation set [recall@10: 0.0745 recall@20: 0.1218 ] [ndcg@10: 0.0620 ndcg@20: 0.0780 ] 
2026-05-03 10:02:49,251 - Epoch 132 Validation set [recall@10: 0.0742 recall@20: 0.1223 ] [ndcg@10: 0.0620 ndcg@20: 0.0783 ] 
2026-05-03 10:03:00,238 - Epoch 135 Validation set [recall@10: 0.0746 recall@20: 0.1225 ] [ndcg@10: 0.0623 ndcg@20: 0.0786 ] 
2026-05-03 10:03:10,937 - Epoch 138 Validation set [recall@10: 0.0747 recall@20: 0.1230 ] [ndcg@10: 0.0626 ndcg@20: 0.0790 ] 
2026-05-03 10:03:21,623 - Epoch 141 Validation set [recall@10: 0.0747 recall@20: 0.1232 ] [ndcg@10: 0.0626 ndcg@20: 0.0791 ] 
2026-05-03 10:03:32,415 - Epoch 144 Validation set [recall@10: 0.0754 recall@20: 0.1240 ] [ndcg@10: 0.0628 ndcg@20: 0.0793 ] 
2026-05-03 10:03:43,296 - Epoch 147 Validation set [recall@10: 0.0759 recall@20: 0.1240 ] [ndcg@10: 0.0633 ndcg@20: 0.0797 ] 
2026-05-03 10:03:53,910 - Epoch 150 Validation set [recall@10: 0.0755 recall@20: 0.1251 ] [ndcg@10: 0.0632 ndcg@20: 0.0799 ] 
2026-05-03 10:04:04,698 - Epoch 153 Validation set [recall@10: 0.0756 recall@20: 0.1249 ] [ndcg@10: 0.0632 ndcg@20: 0.0799 ] 
2026-05-03 10:04:15,407 - Epoch 156 Validation set [recall@10: 0.0760 recall@20: 0.1244 ] [ndcg@10: 0.0635 ndcg@20: 0.0799 ] 
2026-05-03 10:04:26,284 - Epoch 159 Validation set [recall@10: 0.0760 recall@20: 0.1255 ] [ndcg@10: 0.0636 ndcg@20: 0.0803 ] 
2026-05-03 10:04:36,943 - Epoch 162 Validation set [recall@10: 0.0775 recall@20: 0.1249 ] [ndcg@10: 0.0640 ndcg@20: 0.0801 ] 
2026-05-03 10:04:47,709 - Epoch 165 Validation set [recall@10: 0.0774 recall@20: 0.1251 ] [ndcg@10: 0.0642 ndcg@20: 0.0804 ] 
2026-05-03 10:04:58,638 - Epoch 168 Validation set [recall@10: 0.0776 recall@20: 0.1258 ] [ndcg@10: 0.0643 ndcg@20: 0.0807 ] 
2026-05-03 10:05:09,532 - Epoch 171 Validation set [recall@10: 0.0765 recall@20: 0.1266 ] [ndcg@10: 0.0642 ndcg@20: 0.0813 ] 
2026-05-03 10:05:20,133 - Epoch 174 Validation set [recall@10: 0.0769 recall@20: 0.1261 ] [ndcg@10: 0.0644 ndcg@20: 0.0812 ] 
2026-05-03 10:05:30,935 - Epoch 177 Validation set [recall@10: 0.0766 recall@20: 0.1263 ] [ndcg@10: 0.0646 ndcg@20: 0.0815 ] 
2026-05-03 10:05:41,729 - Epoch 180 Validation set [recall@10: 0.0771 recall@20: 0.1262 ] [ndcg@10: 0.0647 ndcg@20: 0.0814 ] 
2026-05-03 10:05:52,626 - Epoch 183 Validation set [recall@10: 0.0778 recall@20: 0.1271 ] [ndcg@10: 0.0651 ndcg@20: 0.0819 ] 
2026-05-03 10:06:03,210 - Epoch 186 Validation set [recall@10: 0.0774 recall@20: 0.1272 ] [ndcg@10: 0.0650 ndcg@20: 0.0819 ] 
2026-05-03 10:06:11,434 - Epoch 189 Validation set [recall@10: 0.0778 recall@20: 0.1270 ] [ndcg@10: 0.0652 ndcg@20: 0.0819 ] 
2026-05-03 10:06:18,371 - Epoch 192 Validation set [recall@10: 0.0781 recall@20: 0.1280 ] [ndcg@10: 0.0652 ndcg@20: 0.0820 ] 
2026-05-03 10:06:26,635 - Epoch 195 Validation set [recall@10: 0.0781 recall@20: 0.1277 ] [ndcg@10: 0.0653 ndcg@20: 0.0821 ] 
2026-05-03 10:06:37,450 - Epoch 198 Validation set [recall@10: 0.0776 recall@20: 0.1278 ] [ndcg@10: 0.0651 ndcg@20: 0.0823 ] 
2026-05-03 10:06:48,220 - Epoch 201 Validation set [recall@10: 0.0780 recall@20: 0.1270 ] [ndcg@10: 0.0652 ndcg@20: 0.0819 ] 
2026-05-03 10:06:58,948 - Epoch 204 Validation set [recall@10: 0.0784 recall@20: 0.1278 ] [ndcg@10: 0.0655 ndcg@20: 0.0822 ] 
2026-05-03 10:07:09,877 - Epoch 207 Validation set [recall@10: 0.0790 recall@20: 0.1277 ] [ndcg@10: 0.0658 ndcg@20: 0.0823 ] 
2026-05-03 10:07:20,578 - Epoch 210 Validation set [recall@10: 0.0788 recall@20: 0.1282 ] [ndcg@10: 0.0655 ndcg@20: 0.0824 ] 
2026-05-03 10:07:31,332 - Epoch 213 Validation set [recall@10: 0.0780 recall@20: 0.1286 ] [ndcg@10: 0.0653 ndcg@20: 0.0826 ] 
2026-05-03 10:07:42,169 - Epoch 216 Validation set [recall@10: 0.0787 recall@20: 0.1284 ] [ndcg@10: 0.0656 ndcg@20: 0.0826 ] 
2026-05-03 10:07:53,075 - Epoch 219 Validation set [recall@10: 0.0788 recall@20: 0.1284 ] [ndcg@10: 0.0657 ndcg@20: 0.0826 ] 
2026-05-03 10:08:03,733 - Epoch 222 Validation set [recall@10: 0.0787 recall@20: 0.1280 ] [ndcg@10: 0.0655 ndcg@20: 0.0824 ] 
2026-05-03 10:08:14,537 - Epoch 225 Validation set [recall@10: 0.0786 recall@20: 0.1280 ] [ndcg@10: 0.0657 ndcg@20: 0.0826 ] 
2026-05-03 10:08:25,370 - Epoch 228 Validation set [recall@10: 0.0786 recall@20: 0.1285 ] [ndcg@10: 0.0659 ndcg@20: 0.0829 ] 
2026-05-03 10:08:36,279 - Epoch 231 Validation set [recall@10: 0.0786 recall@20: 0.1292 ] [ndcg@10: 0.0655 ndcg@20: 0.0827 ] 
2026-05-03 10:08:46,995 - Epoch 234 Validation set [recall@10: 0.0791 recall@20: 0.1285 ] [ndcg@10: 0.0656 ndcg@20: 0.0825 ] 
2026-05-03 10:08:57,825 - Epoch 237 Validation set [recall@10: 0.0786 recall@20: 0.1295 ] [ndcg@10: 0.0652 ndcg@20: 0.0826 ] 
2026-05-03 10:09:08,545 - Epoch 240 Validation set [recall@10: 0.0787 recall@20: 0.1285 ] [ndcg@10: 0.0653 ndcg@20: 0.0824 ] 
2026-05-03 10:09:19,485 - Epoch 243 Validation set [recall@10: 0.0789 recall@20: 0.1291 ] [ndcg@10: 0.0657 ndcg@20: 0.0827 ] 
2026-05-03 10:09:30,282 - Epoch 246 Validation set [recall@10: 0.0797 recall@20: 0.1297 ] [ndcg@10: 0.0660 ndcg@20: 0.0830 ] 
2026-05-03 10:09:41,215 - Epoch 249 Validation set [recall@10: 0.0789 recall@20: 0.1297 ] [ndcg@10: 0.0657 ndcg@20: 0.0829 ] 
2026-05-03 10:09:52,046 - Epoch 252 Validation set [recall@10: 0.0793 recall@20: 0.1291 ] [ndcg@10: 0.0657 ndcg@20: 0.0826 ] 
2026-05-03 10:10:02,880 - Epoch 255 Validation set [recall@10: 0.0798 recall@20: 0.1295 ] [ndcg@10: 0.0661 ndcg@20: 0.0828 ] 
2026-05-03 10:10:13,545 - Epoch 258 Validation set [recall@10: 0.0797 recall@20: 0.1294 ] [ndcg@10: 0.0658 ndcg@20: 0.0826 ] 
2026-05-03 10:10:24,323 - Epoch 261 Validation set [recall@10: 0.0797 recall@20: 0.1296 ] [ndcg@10: 0.0659 ndcg@20: 0.0827 ] 
2026-05-03 10:10:33,923 - Epoch 264 Validation set [recall@10: 0.0794 recall@20: 0.1300 ] [ndcg@10: 0.0657 ndcg@20: 0.0828 ] 
2026-05-03 10:10:44,019 - Epoch 267 Validation set [recall@10: 0.0793 recall@20: 0.1299 ] [ndcg@10: 0.0657 ndcg@20: 0.0828 ] 
2026-05-03 10:10:54,523 - Epoch 270 Validation set [recall@10: 0.0795 recall@20: 0.1300 ] [ndcg@10: 0.0660 ndcg@20: 0.0830 ] 
2026-05-03 10:11:05,326 - Epoch 273 Validation set [recall@10: 0.0798 recall@20: 0.1312 ] [ndcg@10: 0.0659 ndcg@20: 0.0831 ] 
2026-05-03 10:11:16,215 - Epoch 276 Validation set [recall@10: 0.0791 recall@20: 0.1310 ] [ndcg@10: 0.0655 ndcg@20: 0.0829 ] 
2026-05-03 10:11:26,991 - Epoch 279 Validation set [recall@10: 0.0794 recall@20: 0.1305 ] [ndcg@10: 0.0656 ndcg@20: 0.0828 ] 
2026-05-03 10:11:37,716 - Epoch 282 Validation set [recall@10: 0.0794 recall@20: 0.1306 ] [ndcg@10: 0.0657 ndcg@20: 0.0829 ] 
2026-05-03 10:11:48,396 - Epoch 285 Validation set [recall@10: 0.0790 recall@20: 0.1303 ] [ndcg@10: 0.0655 ndcg@20: 0.0828 ] 
2026-05-03 10:11:59,120 - Epoch 288 Validation set [recall@10: 0.0793 recall@20: 0.1304 ] [ndcg@10: 0.0658 ndcg@20: 0.0830 ] 
2026-05-03 10:12:10,218 - Epoch 291 Validation set [recall@10: 0.0797 recall@20: 0.1306 ] [ndcg@10: 0.0661 ndcg@20: 0.0832 ] 
2026-05-03 10:12:20,861 - Epoch 294 Validation set [recall@10: 0.0797 recall@20: 0.1305 ] [ndcg@10: 0.0661 ndcg@20: 0.0832 ] 
2026-05-03 10:12:31,656 - Epoch 297 Validation set [recall@10: 0.0795 recall@20: 0.1303 ] [ndcg@10: 0.0659 ndcg@20: 0.0829 ] 
2026-05-03 10:12:42,448 - Epoch 300 Validation set [recall@10: 0.0800 recall@20: 0.1303 ] [ndcg@10: 0.0660 ndcg@20: 0.0829 ] 
2026-05-03 10:12:53,307 - Epoch 303 Validation set [recall@10: 0.0796 recall@20: 0.1305 ] [ndcg@10: 0.0658 ndcg@20: 0.0830 ] 
2026-05-03 10:13:04,054 - Epoch 306 Validation set [recall@10: 0.0799 recall@20: 0.1307 ] [ndcg@10: 0.0660 ndcg@20: 0.0830 ] 
2026-05-03 10:13:14,904 - Epoch 309 Validation set [recall@10: 0.0803 recall@20: 0.1312 ] [ndcg@10: 0.0660 ndcg@20: 0.0830 ] 
2026-05-03 10:13:25,725 - Epoch 312 Validation set [recall@10: 0.0796 recall@20: 0.1305 ] [ndcg@10: 0.0658 ndcg@20: 0.0829 ] 
2026-05-03 10:13:36,707 - Epoch 315 Validation set [recall@10: 0.0793 recall@20: 0.1312 ] [ndcg@10: 0.0658 ndcg@20: 0.0831 ] 
2026-05-03 10:13:47,396 - Epoch 318 Validation set [recall@10: 0.0794 recall@20: 0.1310 ] [ndcg@10: 0.0655 ndcg@20: 0.0828 ] 
2026-05-03 10:13:58,178 - Epoch 321 Validation set [recall@10: 0.0796 recall@20: 0.1307 ] [ndcg@10: 0.0657 ndcg@20: 0.0829 ] 
2026-05-03 10:14:09,023 - Epoch 324 Validation set [recall@10: 0.0802 recall@20: 0.1312 ] [ndcg@10: 0.0661 ndcg@20: 0.0831 ] 
2026-05-03 10:14:19,942 - Epoch 327 Validation set [recall@10: 0.0804 recall@20: 0.1314 ] [ndcg@10: 0.0660 ndcg@20: 0.0831 ] 
2026-05-03 10:14:30,719 - Epoch 330 Validation set [recall@10: 0.0799 recall@20: 0.1306 ] [ndcg@10: 0.0660 ndcg@20: 0.0829 ] 
2026-05-03 10:14:41,431 - Epoch 333 Validation set [recall@10: 0.0796 recall@20: 0.1308 ] [ndcg@10: 0.0659 ndcg@20: 0.0832 ] 
2026-05-03 10:14:52,237 - Epoch 336 Validation set [recall@10: 0.0793 recall@20: 0.1313 ] [ndcg@10: 0.0657 ndcg@20: 0.0831 ] 
2026-05-03 10:15:03,082 - Epoch 339 Validation set [recall@10: 0.0794 recall@20: 0.1310 ] [ndcg@10: 0.0655 ndcg@20: 0.0830 ] 
2026-05-03 10:15:13,826 - Epoch 342 Validation set [recall@10: 0.0801 recall@20: 0.1305 ] [ndcg@10: 0.0659 ndcg@20: 0.0828 ] 
2026-05-03 10:15:24,507 - Epoch 345 Validation set [recall@10: 0.0797 recall@20: 0.1307 ] [ndcg@10: 0.0656 ndcg@20: 0.0828 ] 
2026-05-03 10:15:35,231 - Epoch 348 Validation set [recall@10: 0.0794 recall@20: 0.1309 ] [ndcg@10: 0.0655 ndcg@20: 0.0829 ] 
2026-05-03 10:15:46,263 - Epoch 351 Validation set [recall@10: 0.0792 recall@20: 0.1304 ] [ndcg@10: 0.0653 ndcg@20: 0.0826 ] 
2026-05-03 10:15:56,960 - Epoch 354 Validation set [recall@10: 0.0793 recall@20: 0.1302 ] [ndcg@10: 0.0652 ndcg@20: 0.0824 ] 
2026-05-03 10:16:07,723 - Epoch 357 Validation set [recall@10: 0.0796 recall@20: 0.1310 ] [ndcg@10: 0.0653 ndcg@20: 0.0826 ] 
2026-05-03 10:16:18,456 - Epoch 360 Validation set [recall@10: 0.0790 recall@20: 0.1306 ] [ndcg@10: 0.0652 ndcg@20: 0.0826 ] 
2026-05-03 10:16:29,248 - Epoch 363 Validation set [recall@10: 0.0786 recall@20: 0.1301 ] [ndcg@10: 0.0653 ndcg@20: 0.0826 ] 
2026-05-03 10:16:39,944 - Epoch 366 Validation set [recall@10: 0.0787 recall@20: 0.1301 ] [ndcg@10: 0.0650 ndcg@20: 0.0825 ] 
2026-05-03 10:16:50,622 - Epoch 369 Validation set [recall@10: 0.0788 recall@20: 0.1301 ] [ndcg@10: 0.0654 ndcg@20: 0.0828 ] 
2026-05-03 10:17:01,474 - Epoch 372 Validation set [recall@10: 0.0793 recall@20: 0.1302 ] [ndcg@10: 0.0655 ndcg@20: 0.0827 ] 
2026-05-03 10:17:12,201 - Epoch 375 Validation set [recall@10: 0.0797 recall@20: 0.1299 ] [ndcg@10: 0.0655 ndcg@20: 0.0824 ] 
2026-05-03 10:17:21,879 - Epoch 378 Validation set [recall@10: 0.0790 recall@20: 0.1290 ] [ndcg@10: 0.0652 ndcg@20: 0.0821 ] 
2026-05-03 10:17:32,320 - Epoch 381 Validation set [recall@10: 0.0799 recall@20: 0.1297 ] [ndcg@10: 0.0657 ndcg@20: 0.0823 ] 
2026-05-03 10:17:43,138 - Epoch 384 Validation set [recall@10: 0.0792 recall@20: 0.1300 ] [ndcg@10: 0.0653 ndcg@20: 0.0823 ] 
2026-05-03 10:17:53,853 - Epoch 387 Validation set [recall@10: 0.0793 recall@20: 0.1300 ] [ndcg@10: 0.0653 ndcg@20: 0.0823 ] 
2026-05-03 10:18:08,730 - [recall@10: 0.0804 recall@20: 0.1314 ] [ndcg@10: 0.0660 ndcg@20: 0.0831 ] 
2026-05-03 10:18:08,730 - Test--------------------------------------------------------------------------
2026-05-03 10:18:23,549 - [recall@10: 0.0795 recall@20: 0.1310 ] [ndcg@10: 0.0649 ndcg@20: 0.0826 ] 
2026-05-03 10:18:23,550 - Best Epoch 327. Final test result: {'recall': array([0.07945044, 0.13098145]), 'ndcg': array([0.06492345, 0.08255695])}.
